1700184727528	geckodriver	INFO	Listening on 127.0.0.1:50962
1700184730584	mozrunner::runner	INFO	Running command: "C:\\Program Files\\Mozilla Firefox\\firefox.exe" "--marionette" "--remote-debugging-port" "50963" "--remote-allow-hosts" "localhost" "-no-remote" "-profile" "C:\\Users\\archer\\AppData\\Local\\Temp\\rust_mozprofileqxEkfo"
console.warn: services.settings: Ignoring preference override of remote settings server
console.warn: services.settings: Allow by setting MOZ_REMOTE_SETTINGS_DEVTOOLS=1 in the environment
1700184731194	Marionette	INFO	Marionette enabled
Dynamically enable window occlusion 0
1700184731268	Marionette	INFO	Listening on port 51032
WebDriver BiDi listening on ws://127.0.0.1:50963
Read port: 51032
1700184731439	RemoteAgent	WARN	TLS certificate errors will be ignored for this session
DevTools listening on ws://127.0.0.1:50963/devtools/browser/5dd61f5f-b6c0-48cb-9a62-fda137674d05
console.warn: LoginRecipes: "Falling back to a synchronous message for: https://jng-fnd2-zpqy7.ondigitalocean.app."
1700184762701	addons.xpi	ERROR	System addon update list error SyntaxError: XMLHttpRequest.open: 'http://%(server)s/dummy-system-addons.xml' is not a valid URL.
console.warn: LoginRecipes: "Falling back to a synchronous message for: https://jng-fnd2-zpqy7.ondigitalocean.app."
JavaScript warning: https://jng-fnd2-zpqy7.ondigitalocean.app/_next/static/chunks/main-114739471fe4e9f9.js, line 1: Script terminated by timeout at:
o@https://jng-fnd2-zpqy7.ondigitalocean.app/_next/static/chunks/main-114739471fe4e9f9.js:1:105128
78018/H/<@https://jng-fnd2-zpqy7.ondigitalocean.app/_next/static/chunks/main-114739471fe4e9f9.js:1:105607
n@https://jng-fnd2-zpqy7.ondigitalocean.app/_next/static/chunks/main-114739471fe4e9f9.js:1:101341
EventListener.handleEvent*h@https://jng-fnd2-zpqy7.ondigitalocean.app/_next/static/chunks/main-114739471fe4e9f9.js:1:101477
H@https://jng-fnd2-zpqy7.ondigitalocean.app/_next/static/chunks/main-114739471fe4e9f9.js:1:105592
59302/t.default@https://jng-fnd2-zpqy7.ondigitalocean.app/_next/static/chunks/main-114739471fe4e9f9.js:1:35182
77339/oe/<@https://jng-fnd2-zpqy7.ondigitalocean.app/_next/static/chunks/main-114739471fe4e9f9.js:1:26637
ri@https://jng-fnd2-zpqy7.ondigitalocean.app/_next/static/chunks/framework-430363ab07c76237.js:1:163232
Ss@https://jng-fnd2-zpqy7.ondigitalocean.app/_next/static/chunks/framework-430363ab07c76237.js:1:183461
is@https://jng-fnd2-zpqy7.ondigitalocean.app/_next/static/chunks/framework-430363ab07c76237.js:1:175716
Aa@https://jng-fnd2-zpqy7.ondigitalocean.app/_next/static/chunks/framework-430363ab07c76237.js:1:116415
64448/ws/<@https://jng-fnd2-zpqy7.ondigitalocean.app/_next/static/chunks/framework-430363ab07c76237.js:1:182255
ws@https://jng-fnd2-zpqy7.ondigitalocean.app/_next/static/chunks/framework-430363ab07c76237.js:1:182260
as@https://jng-fnd2-zpqy7.ondigitalocean.app/_next/static/chunks/framework-430363ab07c76237.js:1:174720
S@https://jng-fnd2-zpqy7.ondigitalocean.app/_next/static/chunks/framework-430363ab07c76237.js:1:208267
R@https://jng-fnd2-zpqy7.ondigitalocean.app/_next/static/chunks/framework-430363ab07c76237.js:1:208800
EventHandlerNonNull*60053@https://jng-fnd2-zpqy7.ondigitalocean.app/_next/static/chunks/framework-430363ab07c76237.js:1:208971
e@https://jng-fnd2-zpqy7.ondigitalocean.app/_next/static/chunks/webpack-5bc3c02718d096b9.js:1:149
63840@https://jng-fnd2-zpqy7.ondigitalocean.app/_next/static/chunks/framework-430363ab07c76237.js:1:210738
e@https://jng-fnd2-zpqy7.ondigitalocean.app/_next/static/chunks/webpack-5bc3c02718d096b9.js:1:149
64448@https://jng-fnd2-zpqy7.ondigitalocean.app/_next/static/chunks/framework-430363ab07c76237.js:1:69616
e@https://jng-fnd2-zpqy7.ondigitalocean.app/_next/static/chunks/webpack-5bc3c02718d096b9.js:1:149
73935@https://jng-fnd2-zpqy7.ondigitalocean.app/_next/static/chunks/framework-430363ab07c76237.js:1:199469
e@https://jng-fnd2-zpqy7.ondigitalocean.app/_next/static/chunks/webpack-5bc3c02718d096b9.js:1:149
32207@https://jng-fnd2-zpqy7.ondigitalocean.app/_next/static/chunks/main-114739471fe4e9f9.js:1:35607
e@https://jng-fnd2-zpqy7.ondigitalocean.app/_next/static/chunks/webpack-5bc3c02718d096b9.js:1:149
77339@https://jng-fnd2-zpqy7.ondigitalocean.app/_next/static/chunks/main-114739471fe4e9f9.js:1:21621
e@https://jng-fnd2-zpqy7.ondigitalocean.app/_next/static/chunks/webpack-5bc3c02718d096b9.js:1:149
22870@https://jng-fnd2-zpqy7.ondigitalocean.app/_next/static/chunks/main-114739471fe4e9f9.js:1:31092
e@https://jng-fnd2-zpqy7.ondigitalocean.app/_next/static/chunks/webpack-5bc3c02718d096b9.js:1:149
@https://jng-fnd2-zpqy7.ondigitalocean.app/_next/static/chunks/main-114739471fe4e9f9.js:1:107252
e.O@https://jng-fnd2-zpqy7.ondigitalocean.app/_next/static/chunks/webpack-5bc3c02718d096b9.js:1:532
@https://jng-fnd2-zpqy7.ondigitalocean.app/_next/static/chunks/main-114739471fe4e9f9.js:1:107278
n@https://jng-fnd2-zpqy7.ondigitalocean.app/_next/static/chunks/webpack-5bc3c02718d096b9.js:1:2091
@https://jng-fnd2-zpqy7.ondigitalocean.app/_next/static/chunks/main-114739471fe4e9f9.js:1:51

JavaScript error: resource://gre/modules/AsyncShutdown.sys.mjs, line 573: NotFoundError: No such JSWindowActor 'DevToolsFrame'
1700184819808	Marionette	INFO	Stopped listening on port 51032
Dynamically enable window occlusion 1
1700185134867	geckodriver	INFO	Listening on 127.0.0.1:55349
1700185137903	mozrunner::runner	INFO	Running command: "C:\\Program Files\\Mozilla Firefox\\firefox.exe" "--marionette" "--remote-debugging-port" "55350" "--remote-allow-hosts" "localhost" "-no-remote" "-profile" "C:\\Users\\archer\\AppData\\Local\\Temp\\rust_mozprofilepxPJjV"
console.warn: services.settings: Ignoring preference override of remote settings server
console.warn: services.settings: Allow by setting MOZ_REMOTE_SETTINGS_DEVTOOLS=1 in the environment
1700185138137	Marionette	INFO	Marionette enabled
Dynamically enable window occlusion 0
1700185138190	Marionette	INFO	Listening on port 55403
WebDriver BiDi listening on ws://127.0.0.1:55350
Read port: 55403
1700185138334	RemoteAgent	WARN	TLS certificate errors will be ignored for this session
DevTools listening on ws://127.0.0.1:55350/devtools/browser/44b28a67-f0cf-48f2-80ed-15b94d939218
console.warn: LoginRecipes: "Falling back to a synchronous message for: https://jng-fnd2-zpqy7.ondigitalocean.app."
1700185168230	addons.xpi	ERROR	System addon update list error SyntaxError: XMLHttpRequest.open: 'http://%(server)s/dummy-system-addons.xml' is not a valid URL.
JavaScript warning: https://jng-fnd2-zpqy7.ondigitalocean.app/_next/static/chunks/main-114739471fe4e9f9.js, line 1: Script terminated by timeout at:
o@https://jng-fnd2-zpqy7.ondigitalocean.app/_next/static/chunks/main-114739471fe4e9f9.js:1:105128
78018/H/<@https://jng-fnd2-zpqy7.ondigitalocean.app/_next/static/chunks/main-114739471fe4e9f9.js:1:105607
n@https://jng-fnd2-zpqy7.ondigitalocean.app/_next/static/chunks/main-114739471fe4e9f9.js:1:101341

1700185259073	Marionette	INFO	Stopped listening on port 55403
Dynamically enable window occlusion 1

Read port: 55731
1700185163589	RemoteAgent	WARN	TLS certificate errors will be ignored for this session
DevTools listening on ws://127.0.0.1:55680/devtools/browser/45576c0d-e6de-47da-ba6d-ac7aeba67847
console.warn: LoginRecipes: "Falling back to a synchronous message for: https://jng-fnd2-zpqy7.ondigitalocean.app."
1700185194369	addons.xpi	ERROR	System addon update list error SyntaxError: XMLHttpRequest.open: 'http://%(server)s/dummy-system-addons.xml' is not a valid URL.
1700185260067	Marionette	INFO	Stopped listening on port 55731
Dynamically enable window occlusion 1
1700185347965	geckodriver	INFO	Listening on 127.0.0.1:57843
1700185351002	mozrunner::runner	INFO	Running command: "C:\\Program Files\\Mozilla Firefox\\firefox.exe" "--marionette" "--remote-debugging-port" "57844" "--remote-allow-hosts" "localhost" "-no-remote" "-profile" "C:\\Users\\archer\\AppData\\Local\\Temp\\rust_mozprofilewBBPIV"
console.warn: services.settings: Ignoring preference override of remote settings server
console.warn: services.settings: Allow by setting MOZ_REMOTE_SETTINGS_DEVTOOLS=1 in the environment
1700185351223	Marionette	INFO	Marionette enabled
Dynamically enable window occlusion 0
1700185351273	Marionette	INFO	Listening on port 57880
WebDriver BiDi listening on ws://127.0.0.1:57844
Read port: 57880
1700185351400	RemoteAgent	WARN	TLS certificate errors will be ignored for this session
DevTools listening on ws://127.0.0.1:57844/devtools/browser/ef3a102a-7e02-45de-bdc8-75a471f58e42
console.warn: LoginRecipes: "Falling back to a synchronous message for: https://jng-fnd2-zpqy7.ondigitalocean.app."
1700185381639	addons.xpi	ERROR	System addon update list error SyntaxError: XMLHttpRequest.open: 'http://%(server)s/dummy-system-addons.xml' is not a valid URL.
1700185745305	Marionette	INFO	Stopped listening on port 57880
Dynamically enable window occlusion 1
ng command: "C:\\Program Files\\Mozilla Firefox\\firefox.exe" "--marionette" "--remote-debugging-port" "58678" "--remote-allow-hosts" "localhost" "-no-remote" "-profile" "C:\\Users\\archer\\AppData\\Local\\Temp\\rust_mozprofileZHTXKH"
console.warn: services.settings: Ignoring preference override of remote settings server
console.warn: services.settings: Allow by setting MOZ_REMOTE_SETTINGS_DEVTOOLS=1 in the environment
1700185427293	Marionette	INFO	Marionette enabled
Dynamically enable window occlusion 0
1700185427345	Marionette	INFO	Listening on port 58725
WebDriver BiDi listening on ws://127.0.0.1:58678
Read port: 58725
1700185427474	RemoteAgent	WARN	TLS certificate errors will be ignored for this session
DevTools listening on ws://127.0.0.1:58678/devtools/browser/b2416575-8408-4e74-84bb-dcbf940fb4bc
console.warn: LoginRecipes: "Falling back to a synchronous message for: https://jng-fnd2-zpqy7.ondigitalocean.app."
console.warn: LoginRecipes: "Falling back to a synchronous message for: https://jng-fnd2-zpqy7.ondigitalocean.app."
1700185458582	addons.xpi	ERROR	System addon update list error SyntaxError: XMLHttpRequest.open: 'http://%(server)s/dummy-system-addons.xml' is not a valid URL.
JavaScript warning: https://jng-fnd2-zpqy7.ondigitalocean.app/_next/static/chunks/main-114739471fe4e9f9.js, line 1: Script terminated by timeout at:
o@https://jng-fnd2-zpqy7.ondigitalocean.app/_next/static/chunks/main-114739471fe4e9f9.js:1:105128
78018/H/<@https://jng-fnd2-zpqy7.ondigitalocean.app/_next/static/chunks/main-114739471fe4e9f9.js:1:105607
n@https://jng-fnd2-zpqy7.ondigitalocean.app/_next/static/chunks/main-114739471fe4e9f9.js:1:101341

1700185742477	Marionette	INFO	Stopped listening on port 58725
Dynamically enable window occlusion 1
rionette enabled
Dynamically enable window occlusion 0
1700185616345	Marionette	INFO	Listening on port 60879
WebDriver BiDi listening on ws://127.0.0.1:60799
Read port: 60879
1700185616497	RemoteAgent	WARN	TLS certificate errors will be ignored for this session
DevTools listening on ws://127.0.0.1:60799/devtools/browser/4899d1a1-b927-4b60-965d-1174bb2389ad
console.warn: LoginRecipes: "Falling back to a synchronous message for: https://jng-fnd2-zpqy7.ondigitalocean.app."
console.warn: LoginRecipes: "Falling back to a synchronous message for: https://jng-fnd2-zpqy7.ondigitalocean.app."
console.warn: LoginRecipes: "Falling back to a synchronous message for: https://jng-fnd2-zpqy7.ondigitalocean.app."
JavaScript error: https://cdn.onesignal.com/sdks/OneSignalPageSDKES6.js?v=151604, line 1: f: OneSignal: This web push config can only be used on https://business.jungopharm.dev. Your current origin is https://jng-fnd2-zpqy7.ondigitalocean.app.
1700185646835	addons.xpi	ERROR	System addon update list error SyntaxError: XMLHttpRequest.open: 'http://%(server)s/dummy-system-addons.xml' is not a valid URL.
JavaScript warning: https://jng-fnd2-zpqy7.ondigitalocean.app/_next/static/chunks/main-114739471fe4e9f9.js, line 1: Script terminated by timeout at:
o@https://jng-fnd2-zpqy7.ondigitalocean.app/_next/static/chunks/main-114739471fe4e9f9.js:1:105128
78018/H/<@https://jng-fnd2-zpqy7.ondigitalocean.app/_next/static/chunks/main-114739471fe4e9f9.js:1:105607
n@https://jng-fnd2-zpqy7.ondigitalocean.app/_next/static/chunks/main-114739471fe4e9f9.js:1:101341

1700185718402	Marionette	INFO	Stopped listening on port 60879
Dynamically enable window occlusion 1
1700186424350	geckodriver	INFO	Listening on 127.0.0.1:53340
1700186427389	mozrunner::runner	INFO	Running command: "C:\\Program Files\\Mozilla Firefox\\firefox.exe" "--marionette" "--remote-debugging-port" "53341" "--remote-allow-hosts" "localhost" "-no-remote" "-profile" "C:\\Users\\archer\\AppData\\Local\\Temp\\rust_mozprofilelxM22L"
console.warn: services.settings: Ignoring preference override of remote settings server
console.warn: services.settings: Allow by setting MOZ_REMOTE_SETTINGS_DEVTOOLS=1 in the environment
1700186427638	Marionette	INFO	Marionette enabled
Dynamically enable window occlusion 0
1700186427690	Marionette	INFO	Listening on port 53375
WebDriver BiDi listening on ws://127.0.0.1:53341
Read port: 53375
1700186427823	RemoteAgent	WARN	TLS certificate errors will be ignored for this session
DevTools listening on ws://127.0.0.1:53341/devtools/browser/df047c9d-7006-4d12-8dbb-2429f5f025f3
console.warn: LoginRecipes: "Falling back to a synchronous message for: https://jng-fnd2-zpqy7.ondigitalocean.app."
console.warn: LoginRecipes: "Falling back to a synchronous message for: https://jng-fnd2-zpqy7.ondigitalocean.app."
console.warn: LoginRecipes: "Falling back to a synchronous message for: https://jng-fnd2-zpqy7.ondigitalocean.app."
JavaScript error: https://cdn.onesignal.com/sdks/OneSignalPageSDKES6.js?v=151604, line 1: f: OneSignal: This web push config can only be used on https://business.jungopharm.dev. Your current origin is https://jng-fnd2-zpqy7.ondigitalocean.app.
1700186457766	addons.xpi	ERROR	System addon update list erro1700186459158	mozrunner::runner	INFO	Running command: "C:\\Program Files\\Mozilla Firefox\\firefox.exJavaScript warning: https://jng-fnd2-zpqy7.ondigitalocean.app/_next/static/chunks/main-114739471fe4e9f9.js, line 1: Script terminated by timeout at:
o@https://jng-fnd2-zpqy7.ondigitalocean.app/_next/static/chunks/main-114739471fe4e9f9.js:1:105128
78018/H/<@https://jng-fnd2-zpqy7.ondigitalocean.app/_next/static/chunks/main-114739471fe4e9f9.js:1:105607
n@https://jng-fnd2-zpqy7.ondigitalocean.app/_next/static/chunks/main-114739471fe4e9f9.js:1:101341

JavaScript error: resource://gre/modules/AsyncShutdown.sys.mjs, line 573: NotFoundError: No such JSWindowActor 'DevToolsFrame'
1700186727457	Marionette	INFO	Stopped listening on port 53375
Dynamically enable window occlusion 1
ws://127.0.0.1:53764/devtools/browser/ff84d46b-5820-439c-a06b-fcac4b7b44b7
console.warn: LoginRecipes: "Falling back to a synchronous message for: https://jng-fnd2-zpqy7.ondigitalocean.app."
console.warn: LoginRecipes: "Falling back to a synchronous message for: https://jng-fnd2-zpqy7.ondigitalocean.app."
console.warn: LoginRecipes: "Falling back to a synchronous message for: https://jng-fnd2-zpqy7.ondigitalocean.app."
JavaScript error: https://cdn.onesignal.com/sdks/OneSignalPageSDKES6.js?v=151604, line 1: f: OneSignal: This web push config can only be used on https://business.jungopharm.dev. Your current origin is https://jng-fnd2-zpqy7.ondigitalocean.app.
1700186472619	Marionette	INFO	Stopped listening on port 53829
JavaScript warning: https://jng-fnd2-zpqy7.ondigitalocean.app/_next/static/chunks/pages/_app-c0de7352f3b7b4c4.js, line 1: Script terminated by timeout at:
93470/t.Z/</r<@https://jng-fnd2-zpqy7.ondigitalocean.app/_next/static/chunks/pages/_app-c0de7352f3b7b4c4.js:1:26558

Dynamically enable window occlusion 1
1700186744531	geckodriver	INFO	Listening on 127.0.0.1:57129
1700186747569	mozrunner::runner	INFO	Running command: "C:\\Program Files\\Mozilla Firefox\\firefox.exe" "--marionette" "--remote-debugging-port" "57130" "--remote-allow-hosts" "localhost" "-no-remote" "-profile" "C:\\Users\\archer\\AppData\\Local\\Temp\\rust_mozprofileKGal1y"
console.warn: services.settings: Ignoring preference override of remote settings server
console.warn: services.settings: Allow by setting MOZ_REMOTE_SETTINGS_DEVTOOLS=1 in the environment
1700186747801	Marionette	INFO	Marionette enabled
Dynamically enable window occlusion 0
1700186747852	Marionette	INFO	Listening on port 57181
WebDriver BiDi listening on ws://127.0.0.1:57130
Read port: 57181
1700186747989	RemoteAgent	WARN	TLS certificate errors will be ignored for this session
DevTools listening on ws://127.0.0.1:57130/devtools/browser/e7a211f5-e60a-44dd-88b8-0d0f9c5bfcc9
console.warn: LoginRecipes: "Falling back to a synchronous message for: https://jng-fnd2-zpqy7.ondigitalocean.app."
console.warn: LoginRecipes: "Falling back to a synchronous message for: https://jng-fnd2-zpqy7.ondigitalocean.app."
console.warn: LoginRecipes: "Falling back to a synchronous message for: https://jng-fnd2-zpqy7.ondigitalocean.app."
JavaScript error: https://cdn.onesignal.com/sdks/OneSignalPageSDKES6.js?v=151604, line 1: f: OneSignal: This web push config can only be used on https://business.jungopharm.dev. Your current origin is https://jng-fnd2-zpqy7.ondigitalocean.app.
1700186761022	Marionette	INFO	Stopped listening on port 57181
JavaScript warning: https://jng-fnd2-zpqy7.ondigitalocean.app/_next/static/chunks/pages/_app-c0de7352f3b7b4c4.js, line 1: Script terminated by timeout at:
93470/t.Z/</r<@https://jng-fnd2-zpqy7.ondigitalocean.app/_next/static/chunks/pages/_app-c0de7352f3b7b4c4.js:1:26558

Dynamically enable window occlusion 1
1700186938206	geckodriver	INFO	Listening on 127.0.0.1:59326
1700186941262	mozrunner::runner	INFO	Running command: "C:\\Program Files\\Mozilla Firefox\\firefox.exe" "--marionette" "--remote-debugging-port" "59327" "--remote-allow-hosts" "localhost" "-no-remote" "-profile" "C:\\Users\\archer\\AppData\\Local\\Temp\\rust_mozprofile3TVSbe"
console.warn: services.settings: Ignoring preference override of remote settings server
console.warn: services.settings: Allow by setting MOZ_REMOTE_SETTINGS_DEVTOOLS=1 in the environment
1700186941485	Marionette	INFO	Marionette enabled
Dynamically enable window occlusion 0
1700186941536	Marionette	INFO	Listening on port 59369
WebDriver BiDi listening on ws://127.0.0.1:59327
Read port: 59369
1700186941682	RemoteAgent	WARN	TLS certificate errors will be ignored for this session
DevTools listening on ws://127.0.0.1:59327/devtools/browser/4a2e1c51-799c-426b-9bdd-2af66f610268
console.warn: LoginRecipes: "Falling back to a synchronous message for: https://jng-fnd2-zpqy7.ondigitalocean.app."
console.warn: LoginRecipes: "Falling back to a synchronous message for: https://jng-fnd2-zpqy7.ondigitalocean.app."
console.warn: LoginRecipes: "Falling back to a synchronous message for: https://jng-fnd2-zpqy7.ondigitalocean.app."
JavaScript error: https://cdn.onesignal.com/sdks/OneSignalPageSDKES6.js?v=151604, line 1: f: OneSignal: This web push config can only be used on https://business.jungopharm.dev. Your current origin is https://jng-fnd2-zpqy7.ondigitalocean.app.
1700186958324	Marionette	INFO	Stopped listening on port 59369
Dynamically enable window occlusion 1
1700186973874	geckodriver	INFO	Listening on 127.0.0.1:59749
1700186976912	mozrunner::runner	INFO	Running command: "C:\\Program Files\\Mozilla Firefox\\firefox.exe" "--marionette" "--remote-debugging-port" "59750" "--remote-allow-hosts" "localhost" "-no-remote" "-profile" "C:\\Users\\archer\\AppData\\Local\\Temp\\rust_mozprofilekX7vHZ"
console.warn: services.settings: Ignoring preference override of remote settings server
console.warn: services.settings: Allow by setting MOZ_REMOTE_SETTINGS_DEVTOOLS=1 in the environment
1700186977133	Marionette	INFO	Marionette enabled
Dynamically enable window occlusion 0
1700186977184	Marionette	INFO	Listening on port 59798
WebDriver BiDi listening on ws://127.0.0.1:59750
Read port: 59798
1700186977319	RemoteAgent	WARN	TLS certificate errors will be ignored for this session
DevTools listening on ws://127.0.0.1:59750/devtools/browser/12d801c9-f3a2-41fd-9367-6a0b2909a0a8
console.warn: LoginRecipes: "Falling back to a synchronous message for: https://jng-fnd2-zpqy7.ondigitalocean.app."
console.warn: LoginRecipes: "Falling back to a synchronous message for: https://jng-fnd2-zpqy7.ondigitalocean.app."
console.warn: LoginRecipes: "Falling back to a synchronous message for: https://jng-fnd2-zpqy7.ondigitalocean.app."
JavaScript error: https://cdn.onesignal.com/sdks/OneSignalPageSDKES6.js?v=151604, line 1: f: OneSignal: This web push config can only be used on https://business.jungopharm.dev. Your current origin is https://jng-fnd2-zpqy7.ondigitalocean.app.
1700186994276	Marionette	INFO	Stopped listening on port 59798
Dynamically enable window occlusion 1
1700187026979	geckodriver	INFO	Listening on 127.0.0.1:60362
1700187030022	mozrunner::runner	INFO	Running command: "C:\\Program Files\\Mozilla Firefox\\firefox.exe" "--marionette" "--remote-debugging-port" "60363" "--remote-allow-hosts" "localhost" "-no-remote" "-profile" "C:\\Users\\archer\\AppData\\Local\\Temp\\rust_mozprofilerEjNCd"
console.warn: services.settings: Ignoring preference override of remote settings server
console.warn: services.settings: Allow by setting MOZ_REMOTE_SETTINGS_DEVTOOLS=1 in the environment
1700187030329	Marionette	INFO	Marionette enabled
Dynamically enable window occlusion 0
1700187030381	Marionette	INFO	Listening on port 60424
WebDriver BiDi listening on ws://127.0.0.1:60363
Read port: 60424
1700187030508	RemoteAgent	WARN	TLS certificate errors will be ignored for this session
DevTools listening on ws://127.0.0.1:60363/devtools/browser/13a0bca2-3566-40a3-ae60-74a401cab6f6
console.warn: LoginRecipes: "Falling back to a synchronous message for: https://jng-fnd2-zpqy7.ondigitalocean.app."
console.warn: LoginRecipes: "Falling back to a synchronous message for: https://jng-fnd2-zpqy7.ondigitalocean.app."
console.warn: LoginRecipes: "Falling back to a synchronous message for: https://jng-fnd2-zpqy7.ondigitalocean.app."
JavaScript error: https://cdn.onesignal.com/sdks/OneSignalPageSDKES6.js?v=151604, line 1: f: OneSignal: This web push config can only be used on https://business.jungopharm.dev. Your current origin is https://jng-fnd2-zpqy7.ondigitalocean.app.
1700187060618	addons.xpi	ERROR	System addon update list error SyntaxError: XMLHttpRequest.open: 'http://%(server)s/dummy-system-addons.xml' is not a valid URL.
JavaScript warning: https://jng-fnd2-zpqy7.ondigitalocean.app/_next/static/chunks/main-114739471fe4e9f9.js, line 1: Script terminated by timeout at:
o@https://jng-fnd2-zpqy7.ondigitalocean.app/_next/static/chunks/main-114739471fe4e9f9.js:1:105128
78018/H/<@https://jng-fnd2-zpqy7.ondigitalocean.app/_next/static/chunks/main-114739471fe4e9f9.js:1:105607
n@https://jng-fnd2-zpqy7.ondigitalocean.app/_next/static/chunks/main-114739471fe4e9f9.js:1:101341

JavaScript error: resource://gre/modules/AsyncShutdown.sys.mjs, line 573: NotFoundError: No such JSWindowActor 'DevToolsFrame'
JavaScript error: resource://gre/modules/AsyncShutdown.sys.mjs, line 573: NotFoundError: No such JSWindowActor 'DevToolsFrame'
1700187617447	Marionette	INFO	Stopped listening on port 60424
Dynamically enable window occlusion 1
s session
DevTools listening on ws://127.0.0.1:62621/devtools/browser/dbca36e1-f247-4554-b091-cfaf70a1e795
console.warn: LoginRecipes: "Falling back to a synchronous message for: https://jng-fnd2-zpqy7.ondigitalocean.app."
console.warn: LoginRecipes: "Falling back to a synchronous message for: https://jng-fnd2-zpqy7.ondigitalocean.app."
console.warn: LoginRecipes: "Falling back to a synchronous message for: https://jng-fnd2-zpqy7.ondigitalocean.app."
JavaScript error: https://cdn.onesignal.com/sdks/OneSignalPageSDKES6.js?v=151604, line 1: f: OneSignal: This web push config can only be used on https://business.jungopharm.dev. Your current origin is https://jng-fnd2-zpqy7.ondigitalocean.app.
1700187247277	addons.xpi	ERROR	System addon update list error SyntaxError: XMLHttpRequest.open: 'http://%(server)s/dummy-system-addons.xml' is not a valid URL.
JavaScript warning: https://jng-fnd2-zpqy7.ondigitalocean.app/_next/static/chunks/main-114739471fe4e9f9.js, line 1: Script terminated by timeout at:
o@https://jng-fnd2-zpqy7.ondigitalocean.app/_next/static/chunks/main-114739471fe4e9f9.js:1:105128
78018/H/<@https://jng-fnd2-zpqy7.ondigitalocean.app/_next/static/chunks/main-114739471fe4e9f9.js:1:105607
n@https://jng-fnd2-zpqy7.ondigitalocean.app/_next/static/chunks/main-114739471fe4e9f9.js:1:101341

JavaScript error: resource://gre/modules/AsyncShutdown.sys.mjs, line 573: NotFoundError: No such JSWindowActor 'DevToolsFrame'
JavaScript error: resource://gre/modules/AsyncShutdown.sys.mjs, line 573: NotFoundError: No such JSWindowActor 'DevToolsFrame'
1700188634284	Marionette	INFO	Stopped listening on port 62695
Dynamically enable window occlusion 1
s session
DevTools listening on ws://127.0.0.1:54395/devtools/browser/ef2026a6-92cb-4ffa-afb9-010390616b8d
console.warn: LoginRecipes: "Falling back to a synchronous message for: https://jng-fnd2-zpqy7.ondigitalocean.app."
console.warn: LoginRecipes: "Falling back to a synchronous message for: https://jng-fnd2-zpqy7.ondigitalocean.app."
console.warn: LoginRecipes: "Falling back to a synchronous message for: https://jng-fnd2-zpqy7.ondigitalocean.app."
JavaScript error: https://cdn.onesignal.com/sdks/OneSignalPageSDKES6.js?v=151604, line 1: f: OneSignal: This web push config can only be used on https://business.jungopharm.dev. Your current origin is https://jng-fnd2-zpqy7.ondigitalocean.app.
1700187924924	addons.xpi	ERROR	System addon update list error SyntaxError: XMLHttpRequest.open: 'http://%(server)s/dummy-system-addons.xml' is not a valid URL.
JavaScript warning: https://jng-fnd2-zpqy7.ondigitalocean.app/_next/static/chunks/main-114739471fe4e9f9.js, line 1: Script terminated by timeout at:
o@https://jng-fnd2-zpqy7.ondigitalocean.app/_next/static/chunks/main-114739471fe4e9f9.js:1:105128
78018/H/<@https://jng-fnd2-zpqy7.ondigitalocean.app/_next/static/chunks/main-114739471fe4e9f9.js:1:105607
n@https://jng-fnd2-zpqy7.ondigitalocean.app/_next/static/chunks/main-114739471fe4e9f9.js:1:101341

1700188635760	Marionette	INFO	Stopped listening on port 54449
Dynamically enable window occlusion 1
rionette enabled
Dynamically enable window occlusion 0
1700188248514	Marionette	INFO	Listening on port 58468
WebDriver BiDi listening on ws://127.0.0.1:58419
Read port: 58468
1700188248657	RemoteAgent	WARN	TLS certificate errors will be ignored for this session
DevTools listening on ws://127.0.0.1:58419/devtools/browser/85a03020-8948-4aac-8c89-2630bb581f7a
console.warn: LoginRecipes: "Falling back to a synchronous message for: https://jng-fnd2-zpqy7.ondigitalocean.app."
console.warn: LoginRecipes: "Falling back to a synchronous message for: https://jng-fnd2-zpqy7.ondigitalocean.app."
console.warn: LoginRecipes: "Falling back to a synchronous message for: https://jng-fnd2-zpqy7.ondigitalocean.app."
JavaScript error: https://cdn.onesignal.com/sdks/OneSignalPageSDKES6.js?v=151604, line 1: f: OneSignal: This web push config can only be used on https://business.jungopharm.dev. Your current origin is https://jng-fnd2-zpqy7.ondigitalocean.app.
1700188279900	addons.xpi	ERROR	System addon update list error SyntaxError: XMLHttpRequest.open: 'http://%(server)s/dummy-system-addons.xml' is not a valid URL.
JavaScript warning: https://jng-fnd2-zpqy7.ondigitalocean.app/_next/static/chunks/main-114739471fe4e9f9.js, line 1: Script terminated by timeout at:
o@https://jng-fnd2-zpqy7.ondigitalocean.app/_next/static/chunks/main-114739471fe4e9f9.js:1:105128
78018/H/<@https://jng-fnd2-zpqy7.ondigitalocean.app/_next/static/chunks/main-114739471fe4e9f9.js:1:105607
n@https://jng-fnd2-zpqy7.ondigitalocean.app/_next/static/chunks/main-114739471fe4e9f9.js:1:101341

1700188636783	Marionette	INFO	Stopped listening on port 58468
Dynamically enable window occlusion 1
rionette enabled
Dynamically enable window occlusion 0
1700188505556	Marionette	INFO	Listening on port 61323
WebDriver BiDi listening on ws://127.0.0.1:60987
Read port: 61323
1700188505687	RemoteAgent	WARN	TLS certificate errors will be ignored for this session
DevTools listening on ws://127.0.0.1:60987/devtools/browser/b422ca16-70cd-4622-a1be-4a438e418090
console.warn: LoginRecipes: "Falling back to a synchronous message for: https://jng-fnd2-zpqy7.ondigitalocean.app."
console.warn: LoginRecipes: "Falling back to a synchronous message for: https://jng-fnd2-zpqy7.ondigitalocean.app."
console.warn: LoginRecipes: "Falling back to a synchronous message for: https://jng-fnd2-zpqy7.ondigitalocean.app."
JavaScript error: https://cdn.onesignal.com/sdks/OneSignalPageSDKES6.js?v=151604, line 1: f: OneSignal: This web push config can only be used on https://business.jungopharm.dev. Your current origin is https://jng-fnd2-zpqy7.ondigitalocean.app.
1700188536654	addons.xpi	ERROR	System addon update list erro1700188538246	mozrunner::runner	INFO	Running command: "C:\\Program Files\\Mozilla Firefox\\firefox.exJavaScript warning: https://jng-fnd2-zpqy7.ondigitalocean.app/_next/static/chunks/main-114739471fe4e9f9.js, line 1: Script terminated by timeout at:
o@https://jng-fnd2-zpqy7.ondigitalocean.app/_next/static/chunks/main-114739471fe4e9f9.js:1:105128
78018/H/<@https://jng-fnd2-zpqy7.ondigitalocean.app/_next/static/chunks/main-114739471fe4e9f9.js:1:105607
n@https://jng-fnd2-zpqy7.ondigitalocean.app/_next/static/chunks/main-114739471fe4e9f9.js:1:101341

1700188637774	Marionette	INFO	Stopped listening on port 61323
Dynamically enable window occlusion 1

Read port: 61731
1700188538678	RemoteAgent	WARN	TLS certificate errors will be ignored for this session
DevTools listening on ws://127.0.0.1:61679/devtools/browser/9b05da3c-cf9c-41e1-8ecf-cc8a31f3e64d
console.warn: LoginRecipes: "Falling back to a synchronous message for: https://jng-fnd2-zpqy7.ondigitalocean.app."
console.warn: LoginRecipes: "Falling back to a synchronous message for: https://jng-fnd2-zpqy7.ondigitalocean.app."
console.warn: LoginRecipes: "Falling back to a synchronous message for: https://jng-fnd2-zpqy7.ondigitalocean.app."
JavaScript error: https://cdn.onesignal.com/sdks/OneSignalPageSDKES6.js?v=151604, line 1: f: OneSignal: This web push config can only be used on https://business.jungopharm.dev. Your current origin is https://jng-fnd2-zpqy7.ondigitalocean.app.
1700188569828	addons.xpi	ERROR	System addon update list error SyntaxError: XMLHttpRequest.open: 'http://%(server)s/dummy-system-addons.xml' is not a valid URL.
JavaScript warning: https://jng-fnd2-zpqy7.ondigitalocean.app/_next/static/chunks/main-114739471fe4e9f9.js, line 1: Script terminated by timeout at:
o@https://jng-fnd2-zpqy7.ondigitalocean.app/_next/static/chunks/main-114739471fe4e9f9.js:1:105128
78018/H/<@https://jng-fnd2-zpqy7.ondigitalocean.app/_next/static/chunks/main-114739471fe4e9f9.js:1:105607
n@https://jng-fnd2-zpqy7.ondigitalocean.app/_next/static/chunks/main-114739471fe4e9f9.js:1:101341

1700188618869	Marionette	INFO	Stopped listening on port 61731
Dynamically enable window occlusion 1
console.error: services.settings: 
  Message: NetworkError: Network error: TypeError: NetworkError: Network request failed
  Stack:
    APIError@resource://services-settings/RemoteSettingsClient.sys.mjs:107:1
NetworkError@resource://services-settings/RemoteSettingsClient.sys.mjs:111:5
_adjustedError@resource://services-settings/RemoteSettingsClient.sys.mjs:907:14
maybeSync@resource://services-settings/RemoteSettingsClient.sys.mjs:812:38

console.warn: services.settings: main/doh-providers sync interrupted by shutdown
console.warn: services.settings: main/doh-config sync interrupted by shutdown
console.warn: services.settings: main/devtools-devices sync interrupted by shutdown
console.warn: services.settings: main/websites-with-shared-credential-backends sync interrupted by shutdown
console.warn: services.settings: main/addons-manager-settings sync interrupted by shutdown
console.warn: services.settings: main/partitioning-exempt-urls sync interrupted by shutdown
console.error: (new AbortError("IndexedDB: main/query-stripping getLastModified() IndexedDB:  execute() A request was aborted, for example through a call to IDBTransaction.abort.", "resource://services-settings/IDBHelpers.sys.mjs", 16))
1700188630811	geckodriver	INFO	Listening on 127.0.0.1:62862
1700188633878	mozrunner::runner	INFO	Running command: "C:\\Program Files\\Mozilla Firefox\\firefox.exe" "--marionette" "--remote-debugging-port" "62863" "--remote-allow-hosts" "localhost" "-no-remote" "-profile" "C:\\Users\\archer\\AppData\\Local\\Temp\\rust_mozprofileclvhCF"
console.warn: services.settings: Ignoring preference override of remote settings server
console.warn: services.settings: Allow by setting MOZ_REMOTE_SETTINGS_DEVTOOLS=1 in the environment
1700188634116	Marionette	INFO	Marionette enabled
Dynamically enable window occlusion 0
1700188634172	Marionette	INFO	Listening on port 62911
WebDriver BiDi listening on ws://127.0.0.1:62863
Read port: 62911
1700188634337	RemoteAgent	WARN	TLS certificate errors will be ignored for this session
DevTools listening on ws://127.0.0.1:62863/devtools/browser/783f3788-3b29-48e3-9265-2d89e50f51e9
console.warn: LoginRecipes: "Falling back to a synchronous message for: https://jng-fnd2-zpqy7.ondigitalocean.app."
console.warn: LoginRecipes: "Falling back to a synchronous message for: https://jng-fnd2-zpqy7.ondigitalocean.app."
console.warn: LoginRecipes: "Falling back to a synchronous message for: https://jng-fnd2-zpqy7.ondigitalocean.app."
JavaScript error: https://cdn.onesignal.com/sdks/OneSignalPageSDKES6.js?v=151604, line 1: f: OneSignal: This web push config can only be used on https://business.jungopharm.dev. Your current origin is https://jng-fnd2-zpqy7.ondigitalocean.app.
1700188664542	addons.xpi	ERROR	System addon update list error SyntaxError: XMLHttpRequest.open: 'http://%(server)s/dummy-system-addons.xml' is not a valid URL.
NetworkHelper.parseSecurityInfo threw an exception: Security state 0 has no known STATE_IS_* flags.
console.error: "Security state 0 has no known STATE_IS_* flags."
NetworkHelper.parseSecurityInfo threw an exception: Security state 0 has no known STATE_IS_* flags.
console.error: "Security state 0 has no known STATE_IS_* flags."
console.error: (new TypeError("parent is null", "resource://devtools/client/inspector/shared/style-change-tracker.js", 67))
TypeError: parent is null: canMutationImpactCurrentStyles@resource://devtools/client/inspector/shared/style-change-tracker.js:67:24
onMutations@resource://devtools/client/inspector/shared/style-change-tracker.js:84:41
_emit@resource://devtools/shared/event-emitter.js:242:32
emit@resource://devtools/shared/event-emitter.js:186:18
emit@resource://devtools/shared/event-emitter.js:330:18
getMutations@resource://devtools/client/fronts/walker.js:309:10

console.error: (new TypeError("container.node.targetFront is null", "resource://devtools/client/inspector/markup/markup.js", 2401))
JavaScript warning: https://jng-fnd2-zpqy7.ondigitalocean.app/_next/static/chunks/main-114739471fe4e9f9.js, line 1: Script terminated by timeout at:
o@https://jng-fnd2-zpqy7.ondigitalocean.app/_next/static/chunks/main-114739471fe4e9f9.js:1:105128
78018/H/<@https://jng-fnd2-zpqy7.ondigitalocean.app/_next/static/chunks/main-114739471fe4e9f9.js:1:105607
n@https://jng-fnd2-zpqy7.ondigitalocean.app/_next/static/chunks/main-114739471fe4e9f9.js:1:101341

JavaScript error: resource://gre/modules/AsyncShutdown.sys.mjs, line 573: NotFoundError: No such JSWindowActor 'DevToolsFrame'
1700207169837	Marionette	INFO	Stopped listening on port 62911
Dynamically enable window occlusion 1
1700207256187	geckodriver	INFO	Listening on 127.0.0.1:49755
1700207259235	mozrunner::runner	INFO	Running command: "C:\\Program Files\\Mozilla Firefox\\firefox.exe" "--marionette" "--remote-debugging-port" "49756" "--remote-allow-hosts" "localhost" "-no-remote" "-profile" "C:\\Users\\archer\\AppData\\Local\\Temp\\rust_mozprofile7izxMd"
console.warn: services.settings: Ignoring preference override of remote settings server
console.warn: services.settings: Allow by setting MOZ_REMOTE_SETTINGS_DEVTOOLS=1 in the environment
1700207259467	Marionette	INFO	Marionette enabled
Dynamically enable window occlusion 0
1700207259518	Marionette	INFO	Listening on port 49785
WebDriver BiDi listening on ws://127.0.0.1:49756
Read port: 49785
1700207259653	RemoteAgent	WARN	TLS certificate errors will be ignored for this session
DevTools listening on ws://127.0.0.1:49756/devtools/browser/198bd6bb-58d2-4550-a461-e8fc20786590
console.warn: LoginRecipes: "Falling back to a synchronous message for: https://jng-fnd2-zpqy7.ondigitalocean.app."
console.warn: LoginRecipes: "Falling back to a synchronous message for: https://jng-fnd2-zpqy7.ondigitalocean.app."
console.warn: LoginRecipes: "Falling back to a synchronous message for: https://jng-fnd2-zpqy7.ondigitalocean.app."
JavaScript error: https://cdn.onesignal.com/sdks/OneSignalPageSDKES6.js?v=151604, line 1: f: OneSignal: This web push config can only be used on https://business.jungopharm.dev. Your current origin is https://jng-fnd2-zpqy7.ondigitalocean.app.
1700207292681	addons.xpi	ERROR	System addon update list error SyntaxError: XMLHttpRequest.open: 'http://%(server)s/dummy-system-addons.xml' is not a valid URL.
JavaScript warning: https://jng-fnd2-zpqy7.ondigitalocean.app/_next/static/chunks/main-114739471fe4e9f9.js, line 1: Script terminated by timeout at:
o@https://jng-fnd2-zpqy7.ondigitalocean.app/_next/static/chunks/main-114739471fe4e9f9.js:1:105128
78018/H/<@https://jng-fnd2-zpqy7.ondigitalocean.app/_next/static/chunks/main-114739471fe4e9f9.js:1:105607
n@https://jng-fnd2-zpqy7.ondigitalocean.app/_next/static/chunks/main-114739471fe4e9f9.js:1:101341

1700207552229	Marionette	INFO	Stopped listening on port 49785
Dynamically enable window occlusion 1
rionette enabled
Dynamically enable window occlusion 0
1700207394080	Marionette	INFO	Listening on port 50696
WebDriver BiDi listening on ws://127.0.0.1:50674
Read port: 50696
1700207394208	RemoteAgent	WARN	TLS certificate errors will be ignored for this session
DevTools listening on ws://127.0.0.1:50674/devtools/browser/38626a82-2561-4182-889e-bb5ffafb4fde
1700207424063	addons.xpi	ERROR	System addon update list error SyntaxError: XMLHttpRequest.open: 'http://%(server)s/dummy-system-addons.xml' is not a valid URL.
1700207426981	Marionette	INFO	Stopped listening on port 50696
Dynamically enable window occlusion 1
1700207444265	geckodriver	INFO	Listening on 127.0.0.1:57019
1700207447302	mozrunner::runner	INFO	Running command: "C:\\Program Files\\Mozilla Firefox\\firefox.exe" "--marionette" "--remote-debugging-port" "57020" "--remote-allow-hosts" "localhost" "-no-remote" "-profile" "C:\\Users\\archer\\AppData\\Local\\Temp\\rust_mozprofileYRibsS"
console.warn: services.settings: Ignoring preference override of remote settings server
console.warn: services.settings: Allow by setting MOZ_REMOTE_SETTINGS_DEVTOOLS=1 in the environment
1700207447526	Marionette	INFO	Marionette enabled
Dynamically enable window occlusion 0
1700207447579	Marionette	INFO	Listening on port 57035
WebDriver BiDi listening on ws://127.0.0.1:57020
Read port: 57035
1700207447708	RemoteAgent	WARN	TLS certificate errors will be ignored for this session
DevTools listening on ws://127.0.0.1:57020/devtools/browser/7713db68-ef26-48ea-80c8-7248a806cc1b
console.warn: LoginRecipes: "Falling back to a synchronous message for: https://jng-fnd2-zpqy7.ondigitalocean.app."
console.warn: LoginRecipes: "Falling back to a synchronous message for: https://jng-fnd2-zpqy7.ondigitalocean.app."
console.warn: LoginRecipes: "Falling back to a synchronous message for: https://jng-fnd2-zpqy7.ondigitalocean.app."
JavaScript error: https://cdn.onesignal.com/sdks/OneSignalPageSDKES6.js?v=151604, line 1: f: OneSignal: This web push config can only be used on https://business.jungopharm.dev. Your current origin is https://jng-fnd2-zpqy7.ondigitalocean.app.
1700207477584	addons.xpi	ERROR	System addon update list error SyntaxError: XMLHttpRequest.open: 'http://%(server)s/dummy-system-addons.xml' is not a valid URL.
JavaScript warning: https://jng-fnd2-zpqy7.ondigitalocean.app/_next/static/chunks/main-114739471fe4e9f9.js, line 1: Script terminated by timeout at:
o@https://jng-fnd2-zpqy7.ondigitalocean.app/_next/static/chunks/main-114739471fe4e9f9.js:1:105128
78018/H/<@https://jng-fnd2-zpqy7.ondigitalocean.app/_next/static/chunks/main-114739471fe4e9f9.js:1:105607
n@https://jng-fnd2-zpqy7.ondigitalocean.app/_next/static/chunks/main-114739471fe4e9f9.js:1:101341

JavaScript error: resource://gre/modules/AsyncShutdown.sys.mjs, line 573: NotFoundError: No such JSWindowActor 'DevToolsFrame'
JavaScript error: resource://gre/modules/AsyncShutdown.sys.mjs, line 573: NotFoundError: No such JSWindowActor 'DevToolsFrame'
1700207553607	Marionette	INFO	Stopped listening on port 57035
Dynamically enable window occlusion 1
s session
DevTools listening on ws://127.0.0.1:57131/devtools/browser/31c9e881-30fc-421b-96b7-7221bc699547
console.warn: LoginRecipes: "Falling back to a synchronous message for: https://jng-fnd2-zpqy7.ondigitalocean.app."
console.warn: LoginRecipes: "Falling back to a synchronous message for: https://jng-fnd2-zpqy7.ondigitalocean.app."
console.warn: LoginRecipes: "Falling back to a synchronous message for: https://jng-fnd2-zpqy7.ondigitalocean.app."
JavaScript error: https://cdn.onesignal.com/sdks/OneSignalPageSDKES6.js?v=151604, line 1: f: OneSignal: This web push config can only be used on https://business.jungopharm.dev. Your current origin is https://jng-fnd2-zpqy7.ondigitalocean.app.
1700207525772	addons.xpi	ERROR	System addon update list error SyntaxError: XMLHttpRequest.open: 'http://%(server)s/dummy-system-addons.xml' is not a valid URL.
JavaScript warning: https://jng-fnd2-zpqy7.ondigitalocean.app/_next/static/chunks/main-114739471fe4e9f9.js, line 1: Script terminated by timeout at:
o@https://jng-fnd2-zpqy7.ondigitalocean.app/_next/static/chunks/main-114739471fe4e9f9.js:1:105128
78018/H/<@https://jng-fnd2-zpqy7.ondigitalocean.app/_next/static/chunks/main-114739471fe4e9f9.js:1:105607
n@https://jng-fnd2-zpqy7.ondigitalocean.app/_next/static/chunks/main-114739471fe4e9f9.js:1:101341

JavaScript error: resource://gre/modules/AsyncShutdown.sys.mjs, line 573: NotFoundError: No such JSWindowActor 'DevToolsFrame'
1700207758709	Marionette	INFO	Stopped listening on port 57140
Dynamically enable window occlusion 1
1700207762062	geckodriver	INFO	Listening on 127.0.0.1:59750
1700207765095	mozrunner::runner	INFO	Running command: "C:\\Program Files\\Mozilla Firefox\\firefox.exe" "--marionette" "--remote-debugging-port" "59751" "--remote-allow-hosts" "localhost" "-no-remote" "-profile" "C:\\Users\\archer\\AppData\\Local\\Temp\\rust_mozprofileBISnDs"
console.warn: services.settings: Ignoring preference override of remote settings server
console.warn: services.settings: Allow by setting MOZ_REMOTE_SETTINGS_DEVTOOLS=1 in the environment
1700207765525	Marionette	INFO	Marionette enabled
Dynamically enable window occlusion 0
1700207765579	Marionette	INFO	Listening on port 59803
WebDriver BiDi listening on ws://127.0.0.1:59751
Read port: 59803
1700207765717	RemoteAgent	WARN	TLS certificate errors will be ignored for this session
DevTools listening on ws://127.0.0.1:59751/devtools/browser/1532cff6-0a5c-48ad-9aed-4ce91cc70c46
console.warn: LoginRecipes: "Falling back to a synchronous message for: https://jng-fnd2-zpqy7.ondigitalocean.app."
console.warn: LoginRecipes: "Falling back to a synchronous message for: https://jng-fnd2-zpqy7.ondigitalocean.app."
console.warn: LoginRecipes: "Falling back to a synchronous message for: https://jng-fnd2-zpqy7.ondigitalocean.app."
JavaScript error: https://cdn.onesignal.com/sdks/OneSignalPageSDKES6.js?v=151604, line 1: f: OneSignal: This web push config can only be used on https://business.jungopharm.dev. Your current origin is https://jng-fnd2-zpqy7.ondigitalocean.app.
1700207773143	Marionette	INFO	Stopped listening on port 59803
Dynamically enable window occlusion 1
1700207790234	geckodriver	INFO	Listening on 127.0.0.1:60139
1700207793285	mozrunner::runner	INFO	Running command: "C:\\Program Files\\Mozilla Firefox\\firefox.exe" "--marionette" "--remote-debugging-port" "60140" "--remote-allow-hosts" "localhost" "-no-remote" "-profile" "C:\\Users\\archer\\AppData\\Local\\Temp\\rust_mozprofileouQ0or"
console.warn: services.settings: Ignoring preference override of remote settings server
console.warn: services.settings: Allow by setting MOZ_REMOTE_SETTINGS_DEVTOOLS=1 in the environment
1700207793509	Marionette	INFO	Marionette enabled
Dynamically enable window occlusion 0
1700207793562	Marionette	INFO	Listening on port 60192
WebDriver BiDi listening on ws://127.0.0.1:60140
Read port: 60192
1700207793698	RemoteAgent	WARN	TLS certificate errors will be ignored for this session
DevTools listening on ws://127.0.0.1:60140/devtools/browser/a70415c3-3f30-411b-8606-0efd18589aec
console.warn: LoginRecipes: "Falling back to a synchronous message for: https://jng-fnd2-zpqy7.ondigitalocean.app."
console.warn: LoginRecipes: "Falling back to a synchronous message for: https://jng-fnd2-zpqy7.ondigitalocean.app."
console.warn: LoginRecipes: "Falling back to a synchronous message for: https://jng-fnd2-zpqy7.ondigitalocean.app."
JavaScript error: https://cdn.onesignal.com/sdks/OneSignalPageSDKES6.js?v=151604, line 1: f: OneSignal: This web push config can only be used on https://business.jungopharm.dev. Your current origin is https://jng-fnd2-zpqy7.ondigitalocean.app.
1700207823520	addons.xpi	ERROR	System addon update list error SyntaxError: XMLHttpRequest.open: 'http://%(server)s/dummy-system-addons.xml' is not a valid URL.
JavaScript warning: https://jng-fnd2-zpqy7.ondigitalocean.app/_next/static/chunks/main-114739471fe4e9f9.js, line 1: Script terminated by timeout at:
o@https://jng-fnd2-zpqy7.ondigitalocean.app/_next/static/chunks/main-114739471fe4e9f9.js:1:105128
78018/H/<@https://jng-fnd2-zpqy7.ondigitalocean.app/_next/static/chunks/main-114739471fe4e9f9.js:1:105607
n@https://jng-fnd2-zpqy7.ondigitalocean.app/_next/static/chunks/main-114739471fe4e9f9.js:1:101341

1700208567955	Marionette	INFO	Stopped listening on port 60192
Dynamically enable window occlusion 1
rionette enabled
Dynamically enable window occlusion 0
1700207830604	Marionette	INFO	Listening on port 60656
WebDriver BiDi listening on ws://127.0.0.1:60614
Read port: 60656
1700207830741	RemoteAgent	WARN	TLS certificate errors will be ignored for this session
DevTools listening on ws://127.0.0.1:60614/devtools/browser/f2feb833-a7f7-4e6f-9d1d-534651c65ee9
console.warn: LoginRecipes: "Falling back to a synchronous message for: https://jng-fnd2-zpqy7.ondigitalocean.app."
console.warn: LoginRecipes: "Falling back to a synchronous message for: https://jng-fnd2-zpqy7.ondigitalocean.app."
console.warn: LoginRecipes: "Falling back to a synchronous message for: https://jng-fnd2-zpqy7.ondigitalocean.app."
JavaScript error: https://cdn.onesignal.com/sdks/OneSignalPageSDKES6.js?v=151604, line 1: f: OneSignal: This web push config can only be used on https://business.jungopharm.dev. Your current origin is https://jng-fnd2-zpqy7.ondigitalocean.app.
1700207860564	addons.xpi	ERROR	System addon update list error SyntaxError: XMLHttpRequest.open: 'http://%(server)s/dummy-system-addons.xml' is not a valid URL.
JavaScript warning: https://jng-fnd2-zpqy7.ondigitalocean.app/_next/static/chunks/main-114739471fe4e9f9.js, line 1: Script terminated by timeout at:
o@https://jng-fnd2-zpqy7.ondigitalocean.app/_next/static/chunks/main-114739471fe4e9f9.js:1:105128
78018/H/<@https://jng-fnd2-zpqy7.ondigitalocean.app/_next/static/chunks/main-114739471fe4e9f9.js:1:105607
n@https://jng-fnd2-zpqy7.ondigitalocean.app/_next/static/chunks/main-114739471fe4e9f9.js:1:101341

1700208568877	Marionette	INFO	Stopped listening on port 60656
Dynamically enable window occlusion 1

Read port: 60950
1700207856005	RemoteAgent	WARN	TLS certificate errors will be ignored for this session
DevTools listening on ws://127.0.0.1:60925/devtools/browser/c8a301ff-6238-4c47-827a-a667d2a2d15b
console.warn: LoginRecipes: "Falling back to a synchronous message for: https://jng-fnd2-zpqy7.ondigitalocean.app."
console.warn: LoginRecipes: "Falling back to a synchronous message for: https://jng-fnd2-zpqy7.ondigitalocean.app."
1700207888288	addons.xpi	ERROR	System addon update list error SyntaxError: XMLHttpRequest.open: 'http://%(server)s/dummy-system-addons.xml' is not a valid URL.
JavaScript warning: https://jng-fnd2-zpqy7.ondigitalocean.app/_next/static/chunks/main-114739471fe4e9f9.js, line 1: Script terminated by timeout at:
o@https://jng-fnd2-zpqy7.ondigitalocean.app/_next/static/chunks/main-114739471fe4e9f9.js:1:105128
78018/H/<@https://jng-fnd2-zpqy7.ondigitalocean.app/_next/static/chunks/main-114739471fe4e9f9.js:1:105607
n@https://jng-fnd2-zpqy7.ondigitalocean.app/_next/static/chunks/main-114739471fe4e9f9.js:1:101341

1700207901201	Marionette	INFO	Stopped listening on port 60950
Dynamically enable window occlusion 1
1700207904899	geckodriver	INFO	Listening on 127.0.0.1:61499
1700207907932	mozrunner::runner	INFO	Running command: "C:\\Program Files\\Mozilla Firefox\\firefox.exe" "--marionette" "--remote-debugging-port" "61500" "--remote-allow-hosts" "localhost" "-no-remote" "-profile" "C:\\Users\\archer\\AppData\\Local\\Temp\\rust_mozprofilesLk0H6"
console.warn: services.settings: Ignoring preference override of remote settings server
console.warn: services.settings: Allow by setting MOZ_REMOTE_SETTINGS_DEVTOOLS=1 in the environment
1700207908169	Marionette	INFO	Marionette enabled
Dynamically enable window occlusion 0
1700207908222	Marionette	INFO	Listening on port 61551
WebDriver BiDi listening on ws://127.0.0.1:61500
Read port: 61551
1700207908362	RemoteAgent	WARN	TLS certificate errors will be ignored for this session
DevTools listening on ws://127.0.0.1:61500/devtools/browser/92fa3500-2825-4e51-9821-4eac0217a4b1
console.warn: LoginRecipes: "Falling back to a synchronous message for: https://jng-fnd2-zpqy7.ondigitalocean.app."
console.warn: LoginRecipes: "Falling back to a synchronous message for: https://jng-fnd2-zpqy7.ondigitalocean.app."
console.warn: LoginRecipes: "Falling back to a synchronous message for: https://jng-fnd2-zpqy7.ondigitalocean.app."
JavaScript error: https://cdn.onesignal.com/sdks/OneSignalPageSDKES6.js?v=151604, line 1: f: OneSignal: This web push config can only be used on https://business.jungopharm.dev. Your current origin is https://jng-fnd2-zpqy7.ondigitalocean.app.
1700207938620	addons.xpi	ERROR	System addon update list error SyntaxError: XMLHttpRequest.open: 'http://%(server)s/dummy-system-addons.xml' is not a valid URL.
JavaScript warning: https://jng-fnd2-zpqy7.ondigitalocean.app/_next/static/chunks/main-114739471fe4e9f9.js, line 1: Script terminated by timeout at:
o@https://jng-fnd2-zpqy7.ondigitalocean.app/_next/static/chunks/main-114739471fe4e9f9.js:1:105128
78018/H/<@https://jng-fnd2-zpqy7.ondigitalocean.app/_next/static/chunks/main-114739471fe4e9f9.js:1:105607
n@https://jng-fnd2-zpqy7.ondigitalocean.app/_next/static/chunks/main-114739471fe4e9f9.js:1:101341

1700208569953	Marionette	INFO	Stopped listening on port 61551
Dynamically enable window occlusion 1
rionette enabled
Dynamically enable window occlusion 0
1700208565849	Marionette	INFO	Listening on port 53744
WebDriver BiDi listening on ws://127.0.0.1:53728
Read port: 53744
1700208565987	RemoteAgent	WARN	TLS certificate errors will be ignored for this session
DevTools listening on ws://127.0.0.1:53728/devtools/browser/00b01d72-1b70-4cb5-9702-cadf0ae8419b
console.warn: LoginRecipes: "Falling back to a synchronous message for: https://jng-fnd2-zpqy7.ondigitalocean.app."
console.warn: LoginRecipes: "Falling back to a synchronous message for: https://jng-fnd2-zpqy7.ondigitalocean.app."
console.warn: LoginRecipes: "Falling back to a synchronous message for: https://jng-fnd2-zpqy7.ondigitalocean.app."
JavaScript error: https://cdn.onesignal.com/sdks/OneSignalPageSDKES6.js?v=151604, line 1: f: OneSignal: This web push config can only be used on https://business.jungopharm.dev. Your current origin is https://jng-fnd2-zpqy7.ondigitalocean.app.
1700208595810	addons.xpi	ERROR	System addon update list error SyntaxError: XMLHttpRequest.open: 'http://%(server)s/dummy-system-addons.xml' is not a valid URL.
JavaScript warning: https://jng-fnd2-zpqy7.ondigitalocean.app/_next/static/chunks/main-114739471fe4e9f9.js, line 1: Script terminated by timeout at:
o@https://jng-fnd2-zpqy7.ondigitalocean.app/_next/static/chunks/main-114739471fe4e9f9.js:1:105128
78018/H/<@https://jng-fnd2-zpqy7.ondigitalocean.app/_next/static/chunks/main-114739471fe4e9f9.js:1:105607
n@https://jng-fnd2-zpqy7.ondigitalocean.app/_next/static/chunks/main-114739471fe4e9f9.js:1:101341

1700208776794	Marionette	INFO	Stopped listening on port 53744
Dynamically enable window occlusion 1
1700208841078	geckodriver	INFO	Listening on 127.0.0.1:55199
1700208844140	mozrunner::runner	INFO	Running command: "C:\\Program Files\\Mozilla Firefox\\firefox.exe" "--marionette" "--remote-debugging-port" "55200" "--remote-allow-hosts" "localhost" "-no-remote" "-profile" "C:\\Users\\archer\\AppData\\Local\\Temp\\rust_mozprofilepDYFjs"
console.warn: services.settings: Ignoring preference override of remote settings server
console.warn: services.settings: Allow by setting MOZ_REMOTE_SETTINGS_DEVTOOLS=1 in the environment
1700208844368	Marionette	INFO	Marionette enabled
Dynamically enable window occlusion 0
1700208844420	Marionette	INFO	Listening on port 55219
WebDriver BiDi listening on ws://127.0.0.1:55200
Read port: 55219
1700208844555	RemoteAgent	WARN	TLS certificate errors will be ignored for this session
DevTools listening on ws://127.0.0.1:55200/devtools/browser/58eb8917-0bdd-4989-9cb3-53e1a92b537e
console.warn: LoginRecipes: "Falling back to a synchronous message for: https://jng-fnd2-zpqy7.ondigitalocean.app."
console.warn: LoginRecipes: "Falling back to a synchronous message for: https://jng-fnd2-zpqy7.ondigitalocean.app."
console.warn: LoginRecipes: "Falling back to a synchronous message for: https://jng-fnd2-zpqy7.ondigitalocean.app."
JavaScript error: https://cdn.onesignal.com/sdks/OneSignalPageSDKES6.js?v=151604, line 1: f: OneSignal: This web push config can only be used on https://business.jungopharm.dev. Your current origin is https://jng-fnd2-zpqy7.ondigitalocean.app.
1700208876245	addons.xpi	ERROR	System addon update list error SyntaxError: XMLHttpRequest.open: 'http://%(server)s/dummy-system-addons.xml' is not a valid URL.
JavaScript warning: https://jng-fnd2-zpqy7.ondigitalocean.app/_next/static/chunks/main-114739471fe4e9f9.js, line 1: Script terminated by timeout at:
o@https://jng-fnd2-zpqy7.ondigitalocean.app/_next/static/chunks/main-114739471fe4e9f9.js:1:105128
78018/H/<@https://jng-fnd2-zpqy7.ondigitalocean.app/_next/static/chunks/main-114739471fe4e9f9.js:1:105607
n@https://jng-fnd2-zpqy7.ondigitalocean.app/_next/static/chunks/main-114739471fe4e9f9.js:1:101341

JavaScript error: resource://gre/modules/AsyncShutdown.sys.mjs, line 573: NotFoundError: No such JSWindowActor 'DevToolsFrame'
1700209209477	Marionette	INFO	Stopped listening on port 55219
Dynamically enable window occlusion 1
1700209315172	geckodriver	INFO	Listening on 127.0.0.1:56806
1700209318246	mozrunner::runner	INFO	Running command: "C:\\Program Files\\Mozilla Firefox\\firefox.exe" "--marionette" "--remote-debugging-port" "56807" "--remote-allow-hosts" "localhost" "-no-remote" "-profile" "C:\\Users\\archer\\AppData\\Local\\Temp\\rust_mozprofileWemwI5"
console.warn: services.settings: Ignoring preference override of remote settings server
console.warn: services.settings: Allow by setting MOZ_REMOTE_SETTINGS_DEVTOOLS=1 in the environment
1700209318472	Marionette	INFO	Marionette enabled
Dynamically enable window occlusion 0
1700209318524	Marionette	INFO	Listening on port 56887
WebDriver BiDi listening on ws://127.0.0.1:56807
Read port: 56887
1700209318652	RemoteAgent	WARN	TLS certificate errors will be ignored for this session
DevTools listening on ws://127.0.0.1:56807/devtools/browser/9c07d7f1-eeea-4f48-88ba-02c5956586c2
console.warn: LoginRecipes: "Falling back to a synchronous message for: https://jng-fnd2-zpqy7.ondigitalocean.app."
console.warn: LoginRecipes: "Falling back to a synchronous message for: https://jng-fnd2-zpqy7.ondigitalocean.app."
console.warn: LoginRecipes: "Falling back to a synchronous message for: https://jng-fnd2-zpqy7.ondigitalocean.app."
JavaScript error: https://cdn.onesignal.com/sdks/OneSignalPageSDKES6.js?v=151604, line 1: f: OneSignal: This web push config can only be used on https://business.jungopharm.dev. Your current origin is https://jng-fnd2-zpqy7.ondigitalocean.app.
1700209349879	addons.xpi	ERROR	System addon update list error SyntaxError: XMLHttpRequest.open: 'http://%(server)s/dummy-system-addons.xml' is not a valid URL.
JavaScript warning: https://jng-fnd2-zpqy7.ondigitalocean.ap1700210354295	mozrunner::runner	INFO	Running command: "C:\\Program Files\\Mozilla Firefox\\firefox.exe" "--marionette" "--remote-debugging-port" "61673" "--remote-allow-hosts" "localhost" "-no-remote" "-profile" "C:\\Users\\archer\\AppData\\Local\\Temp\\rust_mozprofileVoePkO"
console.warn: services.settings: Ignoring preference override of remote settings server
console.warn: services.settings: Allow by setting MOZ_REMOTE_SETTINGS_DEVTOOLS=1 in the environment
1700210354523	Marionette	INFO	Marionette enabled
Dynamically enable window occlusion 0
1700210354575	Marionette	INFO	Listening on port 61680
WebDriver BiDi listening on ws://127.0.0.1:61673
Read port: 61680
1700210354706	RemoteAgent	WARN	TLS certificate errors will be ignored for this session
DevTools listening on ws://127.0.0.1:61673/devtools/browser/9af6525a-72ec-4972-b183-2b59d6b74e0e
console.warn: LoginRecipes: "Falling back to a synchronous message for: https://jng-fnd2-zpqy7.ondigitalocean.app."
console.warn: LoginRecipes: "Falling back to a synchronous message for: https://jng-fnd2-zpqy7.ondigitalocean.app."
console.warn: LoginRecipes: "Falling back to a synchronous message for: https://jng-fnd2-zpqy7.ondigitalocean.app."
JavaScript error: https://cdn.onesignal.com/sdks/OneSignalPageSDKES6.js?v=151604, line 1: f: OneSignal: This web push config can only be used on https://business.jungopharm.dev. Your current origin is https://jng-fnd2-zpqy7.ondigitalocean.app.
1700210384625	addons.xpi	ERROR	System addon update list error SyntaxError: XMLHttpRequest.open: 'http://%(server)s/dummy-system-addons.xml' is not a valid URL.
JavaScript error: , line 0: NotFoundError: No such JSWindowActor 'DevToolsFrame'
JavaScript warning: https://jng-fnd2-zpqy7.ondigitalocean.app/_next/static/chunks/main-114739471fe4e9f9.js, line 1: Script terminated by timeout at:
o@https://jng-fnd2-zpqy7.ondigitalocean.app/_next/static/chunks/main-114739471fe4e9f9.js:1:105128
78018/H/<@https://jng-fnd2-zpqy7.ondigitalocean.app/_next/static/chunks/main-114739471fe4e9f9.js:1:105607
n@https://jng-fnd2-zpqy7.ondigitalocean.app/_next/static/chunks/main-114739471fe4e9f9.js:1:101341

1700210719934	Marionette	INFO	Stopped listening on port 61680
Dynamically enable window occlusion 1
rionette enabled
Dynamically enable window occlusion 0
1700210658416	Marionette	INFO	Listening on port 62536
WebDriver BiDi listening on ws://127.0.0.1:62526
Read port: 62536
1700210658545	RemoteAgent	WARN	TLS certificate errors will be ignored for this session
DevTools listening on ws://127.0.0.1:62526/devtools/browser/5cf5aa67-2cf4-4778-ac4e-83a11b8ee3e8
console.warn: LoginRecipes: "Falling back to a synchronous message for: https://jng-fnd2-zpqy7.ondigitalocean.app."
console.warn: LoginRecipes: "Falling back to a synchronous message for: https://jng-fnd2-zpqy7.ondigitalocean.app."
console.warn: LoginRecipes: "Falling back to a synchronous message for: https://jng-fnd2-zpqy7.ondigitalocean.app."
JavaScript error: https://cdn.onesignal.com/sdks/OneSignalPageSDKES6.js?v=151604, line 1: f: OneSignal: This web push config can only be used on https://business.jungopharm.dev. Your current origin is https://jng-fnd2-zpqy7.ondigitalocean.app.
1700210688682	addons.xpi	ERROR	System addon update list error SyntaxError: XMLHttpRequest.open: 'http://%(server)s/dummy-system-addons.xml' is not a valid URL.
JavaScript warning: https://jng-fnd2-zpqy7.ondigitalocean.app/_next/static/chunks/main-114739471fe4e9f9.js, line 1: Script terminated by timeout at:
o@https://jng-fnd2-zpqy7.ondigitalocean.app/_next/static/chunks/main-114739471fe4e9f9.js:1:105128
78018/H/<@https://jng-fnd2-zpqy7.ondigitalocean.app/_next/static/chunks/main-114739471fe4e9f9.js:1:105607
n@https://jng-fnd2-zpqy7.ondigitalocean.app/_next/static/chunks/main-114739471fe4e9f9.js:1:101341

JavaScript error: resource://gre/modules/AsyncShutdown.sys.mjs, line 573: NotFoundError: No such JSWindowActor 'DevToolsFrame'
JavaScript error: resource://gre/modules/AsyncShutdown.sys.mjs, line 573: NotFoundError: No such JSWindowActor 'DevToolsFrame'
1700213187208	Marionette	INFO	Stopped listening on port 62536
Dynamically enable window occlusion 1
s session
DevTools listening on ws://127.0.0.1:62917/devtools/browser/e3223cfd-f381-4212-8d86-560f02259223
console.warn: LoginRecipes: "Falling back to a synchronous message for: https://jng-fnd2-zpqy7.ondigitalocean.app."
console.warn: LoginRecipes: "Falling back to a synchronous message for: https://jng-fnd2-zpqy7.ondigitalocean.app."
console.warn: LoginRecipes: "Falling back to a synchronous message for: https://jng-fnd2-zpqy7.ondigitalocean.app."
JavaScript error: https://cdn.onesignal.com/sdks/OneSignalPageSDKES6.js?v=151604, line 1: f: OneSignal: This web push config can only be used on https://business.jungopharm.dev. Your current origin is https://jng-fnd2-zpqy7.ondigitalocean.app.
1700210801543	addons.xpi	ERROR	System addon update list error SyntaxError: XMLHttpRequest.open: 'http://%(server)s/dummy-system-addons.xml' is not a valid URL.
1700213186256	Marionette	INFO	Stopped listening on port 62930
Dynamically enable window occlusion 1
ng command: "C:\\Program Files\\Mozilla Firefox\\firefox.exe" "--marionette" "--remote-debugging-port" "63042" "--remote-allow-hosts" "localhost" "-no-remote" "-profile" "C:\\Users\\archer\\AppData\\Local\\Temp\\rust_mozprofileU9dNqO"
console.warn: services.settings: Ignoring preference override of remote settings server
console.warn: services.settings: Allow by setting MOZ_REMOTE_SETTINGS_DEVTOOLS=1 in the environment
1700210806935	Marionette	INFO	Marionette enabled
Dynamically enable window occlusion 0
1700210806991	Marionette	INFO	Listening on port 63058
WebDriver BiDi listening on ws://127.0.0.1:63042
Read port: 63058
1700210807135	RemoteAgent	WARN	TLS certificate errors will be ignored for this session
DevTools listening on ws://127.0.0.1:63042/devtools/browser/285f5409-fc29-4981-9a3c-bb06fa79eb39
console.warn: LoginRecipes: "Falling back to a synchronous message for: https://jng-fnd2-zpqy7.ondigitalocean.app."
console.warn: LoginRecipes: "Falling back to a synchronous message for: https://jng-fnd2-zpqy7.ondigitalocean.app."
console.warn: LoginRecipes: "Falling back to a synchronous message for: https://jng-fnd2-zpqy7.ondigitalocean.app."
JavaScript error: https://cdn.onesignal.com/sdks/OneSignalPageSDKES6.js?v=151604, line 1: f: OneSignal: This web push config can only be used on https://business.jungopharm.dev. Your current origin is https://jng-fnd2-zpqy7.ondigitalocean.app.
1700210825543	Marionette	INFO	Stopped listening on port 63058
JavaScript warning: https://jng-fnd2-zpqy7.ondigitalocean.app/_next/static/chunks/pages/_app-c0de7352f3b7b4c4.js, line 1: Script terminated by timeout at:
93470/t.Z/</r<@https://jng-fnd2-zpqy7.ondigitalocean.app/_next/static/chunks/pages/_app-c0de7352f3b7b4c4.js:1:26558

Dynamically enable window occlusion 1
1700211264791	geckodriver	INFO	Listening on 127.0.0.1:63858
1700211267823	mozrunner::runner	INFO	Running command: "C:\\Program Files\\Mozilla Firefox\\firefox.exe" "--marionette" "--remote-debugging-port" "63859" "--remote-allow-hosts" "localhost" "-no-remote" "-profile" "C:\\Users\\archer\\AppData\\Local\\Temp\\rust_mozprofileCClNHy"
console.warn: services.settings: Ignoring preference override of remote settings server
console.warn: services.settings: Allow by setting MOZ_REMOTE_SETTINGS_DEVTOOLS=1 in the environment
1700211268138	Marionette	INFO	Marionette enabled
Dynamically enable window occlusion 0
1700211268192	Marionette	INFO	Listening on port 63966
WebDriver BiDi listening on ws://127.0.0.1:63859
Read port: 63966
1700211268334	RemoteAgent	WARN	TLS certificate errors will be ignored for this session
DevTools listening on ws://127.0.0.1:63859/devtools/browser/1c52b6c2-64b5-4f20-9c6c-d96734f24a26
console.warn: LoginRecipes: "Falling back to a synchronous message for: https://jng-fnd2-zpqy7.ondigitalocean.app."
console.warn: LoginRecipes: "Falling back to a synchronous message for: https://jng-fnd2-zpqy7.ondigitalocean.app."
console.warn: LoginRecipes: "Falling back to a synchronous message for: https://jng-fnd2-zpqy7.ondigitalocean.app."
JavaScript error: https://cdn.onesignal.com/sdks/OneSignalPageSDKES6.js?v=151604, line 1: f: OneSignal: This web push config can only be used on https://business.jungopharm.dev. Your current origin is https://jng-fnd2-zpqy7.ondigitalocean.app.
1700211298223	addons.xpi	ERROR	System addon update list error SyntaxError: XMLHttpRequest.open: 'http://%(server)s/dummy-system-addons.xml' is not a valid URL.
1700213182505	Marionette	INFO	Stopped listening on port 63966
Dynamically enable window occlusion 1
ng command: "C:\\Program Files\\Mozilla Firefox\\firefox.exe" "--marionette" "--remote-debugging-port" "64268" "--remote-allow-hosts" "localhost" "-no-remote" "-profile" "C:\\Users\\archer\\AppData\\Local\\Temp\\rust_mozprofileV3gLsl"
console.warn: services.settings: Ignoring preference override of remote settings server
console.warn: services.settings: Allow by setting MOZ_REMOTE_SETTINGS_DEVTOOLS=1 in the environment
1700211357958	Marionette	INFO	Marionette enabled
Dynamically enable window occlusion 0
1700211358013	Marionette	INFO	Listening on port 64278
WebDriver BiDi listening on ws://127.0.0.1:64268
Read port: 64278
1700211358147	RemoteAgent	WARN	TLS certificate errors will be ignored for this session
DevTools listening on ws://127.0.0.1:64268/devtools/browser/82c4240c-df22-4620-8ab6-d5937084d355
console.warn: LoginRecipes: "Falling back to a synchronous message for: https://jng-fnd2-zpqy7.ondigitalocean.app."
console.warn: LoginRecipes: "Falling back to a synchronous message for: https://jng-fnd2-zpqy7.ondigitalocean.app."
console.warn: LoginRecipes: "Falling back to a synchronous message for: https://jng-fnd2-zpqy7.ondigitalocean.app."
JavaScript error: https://cdn.onesignal.com/sdks/OneSignalPageSDKES6.js?v=151604, line 1: f: OneSignal: This web push config can only be used on https://business.jungopharm.dev. Your current origin is https://jng-fnd2-zpqy7.ondigitalocean.app.
1700211387988	addons.xpi	ERROR	System addon update list error SyntaxError: XMLHttpRequest.open: 'http://%(server)s/dummy-system-addons.xml' is not a valid URL.
JavaScript warning: https://jng-fnd2-zpqy7.ondigitalocean.app/_next/static/chunks/main-114739471fe4e9f9.js, line 1: Script terminated by timeout at:
o@https://jng-fnd2-zpqy7.ondigitalocean.app/_next/static/chunks/main-114739471fe4e9f9.js:1:105128
78018/H/<@https://jng-fnd2-zpqy7.ondigitalocean.app/_next/static/chunks/main-114739471fe4e9f9.js:1:105607
n@https://jng-fnd2-zpqy7.ondigitalocean.app/_next/static/chunks/main-114739471fe4e9f9.js:1:101341

JavaScript error: resource://gre/modules/AsyncShutdown.sys.mjs, line 573: NotFoundError: No such JSWindowActor 'DevToolsFrame'
JavaScript error: resource://gre/modules/AsyncShutdown.sys.mjs, line 573: NotFoundError: No such JSWindowActor 'DevToolsFrame'
1700213184089	Marionette	INFO	Stopped listening on port 64278
Dynamically enable window occlusion 1
s session
DevTools listening on ws://127.0.0.1:64582/devtools/browser/b144ad82-80b1-46e4-ba68-fd70448bc1f2
console.warn: LoginRecipes: "Falling back to a synchronous message for: https://jng-fnd2-zpqy7.ondigitalocean.app."
console.warn: LoginRecipes: "Falling back to a synchronous message for: https://jng-fnd2-zpqy7.ondigitalocean.app."
console.warn: LoginRecipes: "Falling back to a synchronous message for: https://jng-fnd2-zpqy7.ondigitalocean.app."
JavaScript error: https://cdn.onesignal.com/sdks/OneSignalPageSDKES6.js?v=151604, line 1: f: OneSignal: This web push config can only be used on https://business.jungopharm.dev. Your current origin is https://jng-fnd2-zpqy7.ondigitalocean.app.
1700211439700	addons.xpi	ERROR	System addon update list error SyntaxError: XMLHttpRequest.open: 'http://%(server)s/dummy-system-addons.xml' is not a valid URL.
JavaScript warning: https://jng-fnd2-zpqy7.ondigitalocean.app/_next/static/chunks/main-114739471fe4e9f9.js, line 1: Script terminated by timeout at:
o@https://jng-fnd2-zpqy7.ondigitalocean.app/_next/static/chunks/main-114739471fe4e9f9.js:1:105128
78018/H/<@https://jng-fnd2-zpqy7.ondigitalocean.app/_next/static/chunks/main-114739471fe4e9f9.js:1:105607
n@https://jng-fnd2-zpqy7.ondigitalocean.app/_next/static/chunks/main-114739471fe4e9f9.js:1:101341

1700213185391	Marionette	INFO	Stopped listening on port 64597
Dynamically enable window occlusion 1
rionette enabled
Dynamically enable window occlusion 0
1700211448333	Marionette	INFO	Listening on port 64866
WebDriver BiDi listening on ws://127.0.0.1:64804
Read port: 64866
1700211448465	RemoteAgent	WARN	TLS certificate errors will be ignored for this session
DevTools listening on ws://127.0.0.1:64804/devtools/browser/cab51c1e-eb6e-4d23-96c3-fd85b7a10ae8
console.warn: LoginRecipes: "Falling back to a synchronous message for: https://jng-fnd2-zpqy7.ondigitalocean.app."
console.warn: LoginRecipes: "Falling back to a synchronous message for: https://jng-fnd2-zpqy7.ondigitalocean.app."
console.warn: LoginRecipes: "Falling back to a synchronous message for: https://jng-fnd2-zpqy7.ondigitalocean.app."
JavaScript error: https://cdn.onesignal.com/sdks/OneSignalPageSDKES6.js?v=151604, line 1: f: OneSignal: This web push config can only be used on https://business.jungopharm.dev. Your current origin is https://jng-fnd2-zpqy7.ondigitalocean.app.
1700211478476	addons.xpi	ERROR	System addon update list error SyntaxError: XMLHttpRequest.open: 'http://%(server)s/dummy-system-addons.xml' is not a valid URL.
JavaScript warning: https://jng-fnd2-zpqy7.ondigitalocean.app/_next/static/chunks/main-114739471fe4e9f9.js, line 1: Script terminated by timeout at:
o@https://jng-fnd2-zpqy7.ondigitalocean.app/_next/static/chunks/main-114739471fe4e9f9.js:1:105128
78018/H/<@https://jng-fnd2-zpqy7.ondigitalocean.app/_next/static/chunks/main-114739471fe4e9f9.js:1:105607
n@https://jng-fnd2-zpqy7.ondigitalocean.app/_next/static/chunks/main-114739471fe4e9f9.js:1:101341

JavaScript error: resource://gre/modules/AsyncShutdown.sys.mjs, line 573: NotFoundError: No such JSWindowActor 'DevToolsFrame'
JavaScript error: resource://gre/modules/AsyncShutdown.sys.mjs, line 573: NotFoundError: No such JSWindowActor 'DevToolsFrame'
1700213188767	Marionette	INFO	Stopped listening on port 64866
Dynamically enable window occlusion 1
s session
DevTools listening on ws://127.0.0.1:52185/devtools/browser/e71a33f4-a503-453a-b7e7-a6b99eda5da3
console.warn: LoginRecipes: "Falling back to a synchronous message for: https://jng-fnd2-zpqy7.ondigitalocean.app."
console.warn: LoginRecipes: "Falling back to a synchronous message for: https://jng-fnd2-zpqy7.ondigitalocean.app."
console.warn: LoginRecipes: "Falling back to a synchronous message for: https://jng-fnd2-zpqy7.ondigitalocean.app."
JavaScript error: https://cdn.onesignal.com/sdks/OneSignalPageSDKES6.js?v=151604, line 1: f: OneSignal: This web push config can only be used on https://business.jungopharm.dev. Your current origin is https://jng-fnd2-zpqy7.ondigitalocean.app.
1700212533219	addons.xpi	ERROR	System addon update list error SyntaxError: XMLHttpRequest.open: 'http://%(server)s/dummy-system-addons.xml' is not a valid URL.
JavaScript warning: https://jng-fnd2-zpqy7.ondigitalocean.app/_next/static/chunks/main-114739471fe4e9f9.js, line 1: Script terminated by timeout at:
o@https://jng-fnd2-zpqy7.ondigitalocean.app/_next/static/chunks/main-114739471fe4e9f9.js:1:105128
78018/H/<@https://jng-fnd2-zpqy7.ondigitalocean.app/_next/static/chunks/main-114739471fe4e9f9.js:1:105607
n@https://jng-fnd2-zpqy7.ondigitalocean.app/_next/static/chunks/main-114739471fe4e9f9.js:1:101341

1700213190003	Marionette	INFO	Stopped listening on port 52205
Dynamically enable window occlusion 1
rionette enabled
Dynamically enable window occlusion 0
1700212793675	Marionette	INFO	Listening on port 52698
WebDriver BiDi listening on ws://127.0.0.1:52688
Read port: 52698
1700212793814	RemoteAgent	WARN	TLS certificate errors will be ignored for this session
DevTools listening on ws://127.0.0.1:52688/devtools/browser/ee991f69-1678-46a7-8b2e-37284ed4827a
console.warn: LoginRecipes: "Falling back to a synchronous message for: https://jng-fnd2-zpqy7.ondigitalocean.app."
console.warn: LoginRecipes: "Falling back to a synchronous message for: https://jng-fnd2-zpqy7.ondigitalocean.app."
console.warn: LoginRecipes: "Falling back to a synchronous message for: https://jng-fnd2-zpqy7.ondigitalocean.app."
JavaScript error: https://cdn.onesignal.com/sdks/OneSignalPageSDKES6.js?v=151604, line 1: f: OneSignal: This web push config can only be used on https://business.jungopharm.dev. Your current origin is https://jng-fnd2-zpqy7.ondigitalocean.app.
1700212824084	addons.xpi	ERROR	System addon update list error SyntaxError: XMLHttpRequest.open: 'http://%(server)s/dummy-system-addons.xml' is not a valid URL.
JavaScript warning: https://jng-fnd2-zpqy7.ondigitalocean.app/_next/static/chunks/main-114739471fe4e9f9.js, line 1: Script terminated by timeout at:
o@https://jng-fnd2-zpqy7.ondigitalocean.app/_next/static/chunks/main-114739471fe4e9f9.js:1:105128
78018/H/<@https://jng-fnd2-zpqy7.ondigitalocean.app/_next/static/chunks/main-114739471fe4e9f9.js:1:105607
n@https://jng-fnd2-zpqy7.ondigitalocean.app/_next/static/chunks/main-114739471fe4e9f9.js:1:101341

JavaScript error: resource://gre/modules/AsyncShutdown.sys.mjs, line 573: NotFoundError: No such JSWindowActor 'DevToolsFrame'
1700213651823	Marionette	INFO	Stopped listening on port 52698
Dynamically enable window occlusion 1
istening on ws://127.0.0.1:52858
Read port: 52868
1700212870816	RemoteAgent	WARN	TLS certificate errors will be ignored for this session
DevTools listening on ws://127.0.0.1:52858/devtools/browser/c3627afc-48da-4077-afc4-653ceafa3651
console.warn: LoginRecipes: "Falling back to a synchronous message for: https://jng-fnd2-zpqy7.ondigitalocean.app."
console.warn: LoginRecipes: "Falling back to a synchronous message for: https://jng-fnd2-zpqy7.ondigitalocean.app."
console.warn: LoginRecipes: "Falling back to a synchronous message for: https://jng-fnd2-zpqy7.ondigitalocean.app."
JavaScript error: https://cdn.onesignal.com/sdks/OneSignalPageSDKES6.js?v=151604, line 1: f: OneSignal: This web push config can only be used on https://business.jungopharm.dev. Your current origin is https://jng-fnd2-zpqy7.ondigitalocean.app.
1700212901952	addons.xpi	ERROR	System addon update list error SyntaxError: XMLHttpRequest.open: 'http://%(server)s/dummy-system-addons.xml' is not a valid URL.
JavaScript warning: https://jng-fnd2-zpqy7.ondigitalocean.app/_next/static/chunks/main-114739471fe4e9f9.js, line 1: Script terminated by timeout at:
o@https://jng-fnd2-zpqy7.ondigitalocean.app/_next/static/chunks/main-114739471fe4e9f9.js:1:105128
78018/H/<@https://jng-fnd2-zpqy7.ondigitalocean.app/_next/static/chunks/main-114739471fe4e9f9.js:1:105607
n@https://jng-fnd2-zpqy7.ondigitalocean.app/_next/static/chunks/main-114739471fe4e9f9.js:1:101341

JavaScript error: resource://gre/modules/AsyncShutdown.sys.mjs, line 573: NotFoundError: No such JSWindowActor 'DevToolsFrame'
1700213649344	Marionette	INFO	Stopped listening on port 52868
Dynamically enable window occlusion 1
istening on ws://127.0.0.1:55360
Read port: 55374
1700213474523	RemoteAgent	WARN	TLS certificate errors will be ignored for this session
DevTools listening on ws://127.0.0.1:55360/devtools/browser/89330112-8ccc-4290-bd16-8fea728a483e
console.warn: LoginRecipes: "Falling back to a synchronous message for: https://jng-fnd2-zpqy7.ondigitalocean.app."
console.warn: LoginRecipes: "Falling back to a synchronous message for: https://jng-fnd2-zpqy7.ondigitalocean.app."
console.warn: LoginRecipes: "Falling back to a synchronous message for: https://jng-fnd2-zpqy7.ondigitalocean.app."
1700213479932	Marionette	INFO	Stopped listening on port 55374
JavaScript warning: https://jng-fnd2-zpqy7.ondigitalocean.app/_next/static/chunks/pages/_app-c0de7352f3b7b4c4.js, line 101: Script terminated by timeout at:
98885/n.setNextCallback/this.nextCallback@https://jng-fnd2-zpqy7.ondigitalocean.app/_next/static/chunks/pages/_app-c0de7352f3b7b4c4.js:101:322026

Dynamically enable window occlusion 1
console.error: services.settings: 
  main/partitioning-exempt-urls Signature failed  TypeError: NetworkError: Network request failed
console.error: (new NetworkError("Network error: TypeError: NetworkError: Network request failed", "resource://services-settings/RemoteSettingsClient.sys.mjs", 107))
1700213614567	geckodriver	INFO	Listening on 127.0.0.1:56092
1700213617606	mozrunner::runner	INFO	Running command: "C:\\Program Files\\Mozilla Firefox\\firefox.exe" "--marionette" "--remote-debugging-port" "56093" "--remote-allow-hosts" "localhost" "-no-remote" "-profile" "C:\\Users\\archer\\AppData\\Local\\Temp\\rust_mozprofileGPL2KU"
console.warn: services.settings: Ignoring preference override of remote settings server
console.warn: services.settings: Allow by setting MOZ_REMOTE_SETTINGS_DEVTOOLS=1 in the environment
1700213617826	Marionette	INFO	Marionette enabled
Dynamically enable window occlusion 0
1700213617880	Marionette	INFO	Listening on port 56112
WebDriver BiDi listening on ws://127.0.0.1:56093
Read port: 56112
1700213618008	RemoteAgent	WARN	TLS certificate errors will be ignored for this session
DevTools listening on ws://127.0.0.1:56093/devtools/browser/a04b164f-7e73-4438-8c10-30fbef7287b0
console.warn: LoginRecipes: "Falling back to a synchronous message for: https://jng-fnd2-zpqy7.ondigitalocean.app."
console.warn: LoginRecipes: "Falling back to a synchronous message for: https://jng-fnd2-zpqy7.ondigitalocean.app."
console.warn: LoginRecipes: "Falling back to a synchronous message for: https://jng-fnd2-zpqy7.ondigitalocean.app."
JavaScript error: https://cdn.onesignal.com/sdks/OneSignalPageSDKES6.js?v=151604, line 1: f: OneSignal: This web push config can only be used on https://business.jungopharm.dev. Your current origin is https://jng-fnd2-zpqy7.ondigitalocean.app.
1700213649130	addons.xpi	ERROR	System addon update list error SyntaxError: XMLHttpRequest.open: 'http://%(server)s/dummy-system-addons.xml' is not a valid URL.
JavaScript error: , line 0: NotFoundError: No such JSWindowActor 'DevToolsFrame'
JavaScript warning: https://jng-fnd2-zpqy7.ondigitalocean.app/_next/static/chunks/main-114739471fe4e9f9.js, line 1: Script terminated by timeout at:
o@https://jng-fnd2-zpqy7.ondigitalocean.app/_next/static/chunks/main-114739471fe4e9f9.js:1:105128
78018/H/<@https://jng-fnd2-zpqy7.ondigitalocean.app/_next/static/chunks/main-114739471fe4e9f9.js:1:105607
n@https://jng-fnd2-zpqy7.ondigitalocean.app/_next/static/chunks/main-114739471fe4e9f9.js:1:101341

JavaScript error: resource://gre/modules/AsyncShutdown.sys.mjs, line 573: NotFoundError: No such JSWindowActor 'DevToolsFrame'
JavaScript error: resource://gre/modules/AsyncShutdown.sys.mjs, line 573: NotFoundError: No such JSWindowActor 'DevToolsFrame'
1700214102599	Marionette	INFO	Stopped listening on port 56112
Dynamically enable window occlusion 1
74-4133-b93f-16376592db4f
console.warn: LoginRecipes: "Falling back to a synchronous message for: https://jng-fnd2-zpqy7.ondigitalocean.app."
console.warn: LoginRecipes: "Falling back to a synchronous message for: https://jng-fnd2-zpqy7.ondigitalocean.app."
console.warn: LoginRecipes: "Falling back to a synchronous message for: https://jng-fnd2-zpqy7.ondigitalocean.app."
JavaScript error: https://cdn.onesignal.com/sdks/OneSignalPageSDKES6.js?v=151604, line 1: f: OneSignal: This web push config can only be used on https://business.jungopharm.dev. Your current origin is https://jng-fnd2-zpqy7.ondigitalocean.app.
1700213711797	addons.xpi	ERROR	System addon update list error SyntaxError: XMLHttpRequest.open: 'http://%(server)s/dummy-system-addons.xml' is not a valid URL.
JavaScript warning: https://jng-fnd2-zpqy7.ondigitalocean.app/_next/static/chunks/main-114739471fe4e9f9.js, line 1: Script terminated by timeout at:
o@https://jng-fnd2-zpqy7.ondigitalocean.app/_next/static/chunks/main-114739471fe4e9f9.js:1:105128
78018/H/<@https://jng-fnd2-zpqy7.ondigitalocean.app/_next/static/chunks/main-114739471fe4e9f9.js:1:105607
n@https://jng-fnd2-zpqy7.ondigitalocean.app/_next/static/chunks/main-114739471fe4e9f9.js:1:101341

1700214103634	Marionette	INFO	Stopped listening on port 56466
Dynamically enable window occlusion 1
rionette enabled
Dynamically enable window occlusion 0
1700213779352	Marionette	INFO	Listening on port 56897
WebDriver BiDi listening on ws://127.0.0.1:56885
Read port: 56897
1700213779508	RemoteAgent	WARN	TLS certificate errors will be ignored for this session
DevTools listening on ws://127.0.0.1:56885/devtools/browser/901d9971-3179-41a4-9c4e-841a6d1f466d
console.warn: LoginRecipes: "Falling back to a synchronous message for: https://jng-fnd2-zpqy7.ondigitalocean.app."
console.warn: LoginRecipes: "Falling back to a synchronous message for: https://jng-fnd2-zpqy7.ondigitalocean.app."
console.warn: LoginRecipes: "Falling back to a synchronous message for: https://jng-fnd2-zpqy7.ondigitalocean.app."
JavaScript error: https://cdn.onesignal.com/sdks/OneSignalPageSDKES6.js?v=151604, line 1: f: OneSignal: This web push config can only be used on https://business.jungopharm.dev. Your current origin is https://jng-fnd2-zpqy7.ondigitalocean.app.
1700213810593	addons.xpi	ERROR	System addon update list error SyntaxError: XMLHttpRequest.open: 'http://%(server)s/dummy-system-addons.xml' is not a valid URL.
JavaScript warning: https://jng-fnd2-zpqy7.ondigitalocean.app/_next/static/chunks/main-114739471fe4e9f9.js, line 1: Script terminated by timeout at:
o@https://jng-fnd2-zpqy7.ondigitalocean.app/_next/static/chunks/main-114739471fe4e9f9.js:1:105128
78018/H/<@https://jng-fnd2-zpqy7.ondigitalocean.app/_next/static/chunks/main-114739471fe4e9f9.js:1:105607
n@https://jng-fnd2-zpqy7.ondigitalocean.app/_next/static/chunks/main-114739471fe4e9f9.js:1:101341

1700213976032	Marionette	INFO	Stopped listening on port 56897
Dynamically enable window occlusion 1
1700214099872	geckodriver	INFO	Listening on 127.0.0.1:58110
1700214102907	mozrunner::runner	INFO	Running command: "C:\\Program Files\\Mozilla Firefox\\firefox.exe" "--marionette" "--remote-debugging-port" "58111" "--remote-allow-hosts" "localhost" "-no-remote" "-profile" "C:\\Users\\archer\\AppData\\Local\\Temp\\rust_mozprofilez5deUz"
console.warn: services.settings: Ignoring preference override of remote settings server
console.warn: services.settings: Allow by setting MOZ_REMOTE_SETTINGS_DEVTOOLS=1 in the environment
1700214103133	Marionette	INFO	Marionette enabled
Dynamically enable window occlusion 0
1700214103185	Marionette	INFO	Listening on port 58172
WebDriver BiDi listening on ws://127.0.0.1:58111
Read port: 58172
1700214103321	RemoteAgent	WARN	TLS certificate errors will be ignored for this session
DevTools listening on ws://127.0.0.1:58111/devtools/browser/fef4dfcf-8be3-4ac3-9998-186e96830ace
console.warn: LoginRecipes: "Falling back to a synchronous message for: https://jng-fnd2-zpqy7.ondigitalocean.app."
console.warn: LoginRecipes: "Falling back to a synchronous message for: https://jng-fnd2-zpqy7.ondigitalocean.app."
console.warn: LoginRecipes: "Falling back to a synchronous message for: https://jng-fnd2-zpqy7.ondigitalocean.app."
JavaScript error: https://cdn.onesignal.com/sdks/OneSignalPageSDKES6.js?v=151604, line 1: f: OneSignal: This web push config can only be used on https://business.jungopharm.dev. Your current origin is https://jng-fnd2-zpqy7.ondigitalocean.app.
JavaScript warning: https://jng-fnd2-zpqy7.ondigitalocean.app/_next/static/chunks/main-114739471fe4e9f9.js, line 1: Script terminated by timeout at:
o@https://jng-fnd2-zpqy7.ondigitalocean.app/_next/static/chunks/main-114739471fe4e9f9.js:1:105128
78018/H/<@https://jng-fnd2-zpqy7.ondigitalocean.app/_next/static/chunks/main-114739471fe4e9f9.js:1:105607
n@https://jng-fnd2-zpqy7.ondigitalocean.app/_next/static/chunks/main-114739471fe4e9f9.js:1:101341

1700214129158	Marionette	INFO	Stopped listening on port 58172
Dynamically enable window occlusion 1
1700214130628	geckodriver	INFO	Listening on 127.0.0.1:58468
1700214133666	mozrunner::runner	INFO	Running command: "C:\\Program Files\\Mozilla Firefox\\firefox.exe" "--marionette" "--remote-debugging-port" "58469" "--remote-allow-hosts" "localhost" "-no-remote" "-profile" "C:\\Users\\archer\\AppData\\Local\\Temp\\rust_mozprofileOgObMv"
console.warn: services.settings: Ignoring preference override of remote settings server
console.warn: services.settings: Allow by setting MOZ_REMOTE_SETTINGS_DEVTOOLS=1 in the environment
1700214133889	Marionette	INFO	Marionette enabled
Dynamically enable window occlusion 0
1700214133940	Marionette	INFO	Listening on port 58493
WebDriver BiDi listening on ws://127.0.0.1:58469
Read port: 58493
1700214134073	RemoteAgent	WARN	TLS certificate errors will be ignored for this session
DevTools listening on ws://127.0.0.1:58469/devtools/browser/aad00457-e2b5-4045-bbdf-14e996d76271
console.warn: LoginRecipes: "Falling back to a synchronous message for: https://jng-fnd2-zpqy7.ondigitalocean.app."
console.warn: LoginRecipes: "Falling back to a synchronous message for: https://jng-fnd2-zpqy7.ondigitalocean.app."
console.warn: LoginRecipes: "Falling back to a synchronous message for: https://jng-fnd2-zpqy7.ondigitalocean.app."
JavaScript error: https://cdn.onesignal.com/sdks/OneSignalPageSDKES6.js?v=151604, line 1: f: OneSignal: This web push config can only be used on https://business.jungopharm.dev. Your current origin is https://jng-fnd2-zpqy7.ondigitalocean.app.
1700214163919	addons.xpi	ERROR	System addon update list error SyntaxError: XMLHttpRequest.open: 'http://%(server)s/dummy-system-addons.xml' is not a valid URL.
JavaScript warning: https://jng-fnd2-zpqy7.ondigitalocean.app/_next/static/chunks/main-114739471fe4e9f9.js, line 1: Script terminated by timeout at:
o@https://jng-fnd2-zpqy7.ondigitalocean.app/_next/static/chunks/main-114739471fe4e9f9.js:1:105128
78018/H/<@https://jng-fnd2-zpqy7.ondigitalocean.app/_next/static/chunks/main-114739471fe4e9f9.js:1:105607
n@https://jng-fnd2-zpqy7.ondigitalocean.app/_next/static/chunks/main-114739471fe4e9f9.js:1:101341

1700218340940	Marionette	INFO	Stopped listening on port 58493
Dynamically enable window occlusion 1
1700219478880	geckodriver	INFO	Listening on 127.0.0.1:56944
1700219481934	mozrunner::runner	INFO	Running command: "C:\\Program Files\\Mozilla Firefox\\firefox.exe" "--marionette" "--headless" "--remote-debugging-port" "569 ... " "--remote-allow-hosts" "localhost" "-no-remote" "-profile" "C:\\Users\\archer\\AppData\\Local\\Temp\\rust_mozprofileYuoX3i"
*** You are running in headless mode.
console.warn: services.settings: Ignoring preference override of remote settings server
console.warn: services.settings: Allow by setting MOZ_REMOTE_SETTINGS_DEVTOOLS=1 in the environment
1700219482439	Marionette	INFO	Marionette enabled
Dynamically enable window occlusion 0
1700219482489	Marionette	INFO	Listening on port 56972
WebDriver BiDi listening on ws://127.0.0.1:56945
Read port: 56972
1700219482642	RemoteAgent	WARN	TLS certificate errors will be ignored for this session
[GFX1-]: RenderCompositorSWGL failed mapping default framebuffer, no dt
console.error: ({})
DevTools listening on ws://127.0.0.1:56945/devtools/browser/b0724950-cc5b-45f7-a6f2-b721918b8b9e
console.warn: LoginRecipes: "Falling back to a synchronous message for: https://jng-fnd2-zpqy7.ondigitalocean.app."
console.warn: LoginRecipes: "Falling back to a synchronous message for: https://jng-fnd2-zpqy7.ondigitalocean.app."
console.warn: LoginRecipes: "Falling back to a synchronous message for: https://jng-fnd2-zpqy7.ondigitalocean.app."
JavaScript error: https://cdn.onesignal.com/sdks/OneSignalPageSDKES6.js?v=151604, line 1: f: OneSignal: This web push config can only be used on https://business.jungopharm.dev. Your current origin is https://jng-fnd2-zpqy7.ondigitalocean.app.
1700219514193	addons.xpi	ERROR	System addon update list error SyntaxError: XMLHttpRequest.open: 'http://%(server)s/dummy-system-addons.xml' is not a valid URL.
JavaScript error: , line 0: NS_ERROR_NOT_AVAILABLE
1:57370
1700219580296	mozrunner::runner	INFO	Running command: "C:\\Program Files\\Mozilla Firefox\\firefox.exe" "--marionette" "--headless" "--remote-debugging-port" "573 ... " "--remote-allow-hosts" "localhost" "-no-remote" "-profile" "C:\\Users\\archer\\AppData\\Local\\Temp\\rust_mozprofileW0f3uL"
*** You are running in headless mode.
console.warn: services.settings: Ignoring preference override of remote settings server
console.warn: services.settings: Allow by setting MOZ_REMOTE_SETTINGS_DEVTOOLS=1 in the environment
1700219580512	Marionette	INFO	Marionette enabled
Dynamically enable window occlusion 0
1700219580560	Marionette	INFO	Listening on port 57381
WebDriver BiDi listening on ws://127.0.0.1:57371
Read port: 57381
1700219580684	RemoteAgent	WARN	TLS certificate errors will be ignored for this session
[GFX1-]: RenderCompositorSWGL failed mapping default framebuffer, no dt
console.error: ({})
DevTools listening on ws://127.0.0.1:57371/devtools/browser/ed357000-5cc0-4ab4-a5ff-1e68fe29f29a
console.warn: LoginRecipes: "Falling back to a synchronous message for: https://jng-fnd2-zpqy7.ondigitalocean.app."
console.warn: LoginRecipes: "Falling back to a synchronous message for: https://jng-fnd2-zpqy7.ondigitalocean.app."
console.warn: LoginRecipes: "Falling back to a synchronous message for: https://jng-fnd2-zpqy7.ondigitalocean.app."
JavaScript error: https://cdn.onesignal.com/sdks/OneSignalPageSDKES6.js?v=151604, line 1: f: OneSignal: This web push config can only be used on https://business.jungopharm.dev. Your current origin is https://jng-fnd2-zpqy7.ondigitalocean.app.
1700219610580	addons.xpi	ERROR	System addon update list error SyntaxError: XMLHttpRequest.open: 'http://%(server)s/dummy-system-addons.xml' is not a valid URL.
JavaScript error: , line 0: NS_ERROR_NOT_AVAILABLE
